<?xml version="1.0" encoding="UTF-8"?>
<coverage generated="1762833383343" clover="3.2.0">
  <project timestamp="1762833383343" name="All files">
    <metrics statements="398" coveredstatements="341" conditionals="484" coveredconditionals="288" methods="70" coveredmethods="58" elements="952" coveredelements="687" complexity="0" loc="398" ncloc="398" packages="1" files="5" classes="5"/>
    <file name="helpers.js" path="C:\Users\HP\query-pg\lib\helpers.js">
      <metrics statements="300" coveredstatements="261" conditionals="344" coveredconditionals="194" methods="49" coveredmethods="44"/>
      <line num="4" count="9" type="cond" truecount="2" falsecount="0"/>
      <line num="5" count="8" type="stmt"/>
      <line num="9" count="3" type="cond" truecount="1" falsecount="1"/>
      <line num="10" count="3" type="cond" truecount="2" falsecount="0"/>
      <line num="11" count="1" type="stmt"/>
      <line num="12" count="1" type="stmt"/>
      <line num="14" count="3" type="stmt"/>
      <line num="15" count="3" type="stmt"/>
      <line num="16" count="3" type="stmt"/>
      <line num="17" count="3" type="stmt"/>
      <line num="18" count="3" type="stmt"/>
      <line num="19" count="3" type="stmt"/>
      <line num="20" count="3" type="stmt"/>
      <line num="24" count="6" type="cond" truecount="1" falsecount="1"/>
      <line num="25" count="6" type="cond" truecount="4" falsecount="0"/>
      <line num="26" count="3" type="stmt"/>
      <line num="27" count="4" type="cond" truecount="2" falsecount="0"/>
      <line num="30" count="3" type="cond" truecount="4" falsecount="0"/>
      <line num="31" count="1" type="stmt"/>
      <line num="33" count="2" type="cond" truecount="3" falsecount="1"/>
      <line num="34" count="2" type="cond" truecount="1" falsecount="1"/>
      <line num="35" count="2" type="stmt"/>
      <line num="39" count="23" type="stmt"/>
      <line num="43" count="13" type="cond" truecount="1" falsecount="1"/>
      <line num="44" count="13" type="cond" truecount="4" falsecount="0"/>
      <line num="49" count="0" type="cond" truecount="0" falsecount="4"/>
      <line num="50" count="0" type="cond" truecount="0" falsecount="4"/>
      <line num="51" count="0" type="cond" truecount="0" falsecount="2"/>
      <line num="52" count="0" type="stmt"/>
      <line num="56" count="12" type="stmt"/>
      <line num="57" count="12" type="cond" truecount="4" falsecount="0"/>
      <line num="58" count="12" type="stmt"/>
      <line num="62" count="1" type="cond" truecount="1" falsecount="1"/>
      <line num="63" count="1" type="stmt"/>
      <line num="67" count="1" type="cond" truecount="1" falsecount="1"/>
      <line num="68" count="1" type="stmt"/>
      <line num="72" count="1" type="cond" truecount="1" falsecount="1"/>
      <line num="73" count="1" type="cond" truecount="1" falsecount="1"/>
      <line num="74" count="1" type="stmt"/>
      <line num="78" count="13" type="cond" truecount="5" falsecount="0"/>
      <line num="79" count="3" type="cond" truecount="2" falsecount="0"/>
      <line num="80" count="5" type="stmt"/>
      <line num="81" count="3" type="cond" truecount="2" falsecount="0"/>
      <line num="86" count="8" type="stmt"/>
      <line num="87" count="8" type="stmt"/>
      <line num="88" count="8" type="cond" truecount="4" falsecount="2"/>
      <line num="89" count="8" type="cond" truecount="2" falsecount="0"/>
      <line num="90" count="5" type="stmt"/>
      <line num="91" count="5" type="stmt"/>
      <line num="92" count="5" type="stmt"/>
      <line num="93" count="5" type="stmt"/>
      <line num="95" count="5" type="cond" truecount="1" falsecount="1"/>
      <line num="96" count="5" type="stmt"/>
      <line num="97" count="5" type="stmt"/>
      <line num="98" count="4" type="stmt"/>
      <line num="100" count="4" type="stmt"/>
      <line num="103" count="3" type="stmt"/>
      <line num="104" count="3" type="cond" truecount="1" falsecount="1"/>
      <line num="105" count="3" type="stmt"/>
      <line num="106" count="3" type="stmt"/>
      <line num="107" count="3" type="cond" truecount="1" falsecount="1"/>
      <line num="108" count="3" type="stmt"/>
      <line num="109" count="3" type="stmt"/>
      <line num="110" count="3" type="stmt"/>
      <line num="112" count="3" type="stmt"/>
      <line num="116" count="1" type="stmt"/>
      <line num="117" count="1" type="stmt"/>
      <line num="118" count="1" type="stmt"/>
      <line num="124" count="5" type="stmt"/>
      <line num="125" count="5" type="cond" truecount="2" falsecount="0"/>
      <line num="127" count="4" type="cond" truecount="2" falsecount="0"/>
      <line num="128" count="1" type="cond" truecount="3" falsecount="1"/>
      <line num="129" count="1" type="stmt"/>
      <line num="130" count="1" type="stmt"/>
      <line num="131" count="1" type="stmt"/>
      <line num="134" count="3" type="cond" truecount="1" falsecount="1"/>
      <line num="135" count="3" type="cond" truecount="1" falsecount="3"/>
      <line num="136" count="3" type="cond" truecount="1" falsecount="1"/>
      <line num="138" count="3" type="cond" truecount="4" falsecount="0"/>
      <line num="139" count="1" type="stmt"/>
      <line num="140" count="1" type="stmt"/>
      <line num="141" count="1" type="stmt"/>
      <line num="144" count="2" type="cond" truecount="2" falsecount="0"/>
      <line num="145" count="1" type="stmt"/>
      <line num="146" count="1" type="cond" truecount="1" falsecount="1"/>
      <line num="147" count="1" type="stmt"/>
      <line num="149" count="2" type="stmt"/>
      <line num="152" count="18" type="stmt"/>
      <line num="154" count="18" type="stmt"/>
      <line num="166" count="18" type="stmt"/>
      <line num="167" count="18" type="stmt"/>
      <line num="171" count="14" type="cond" truecount="2" falsecount="0"/>
      <line num="172" count="2" type="stmt"/>
      <line num="173" count="2" type="stmt"/>
      <line num="174" count="1" type="stmt"/>
      <line num="176" count="1" type="stmt"/>
      <line num="182" count="1" type="stmt"/>
      <line num="187" count="2" type="cond" truecount="2" falsecount="0"/>
      <line num="188" count="1" type="cond" truecount="1" falsecount="1"/>
      <line num="189" count="0" type="stmt"/>
      <line num="192" count="18" type="stmt"/>
      <line num="193" count="18" type="stmt"/>
      <line num="194" count="18" type="stmt"/>
      <line num="197" count="18" type="cond" truecount="1" falsecount="1"/>
      <line num="201" count="11" type="cond" truecount="3" falsecount="1"/>
      <line num="202" count="11" type="stmt"/>
      <line num="204" count="11" type="stmt"/>
      <line num="205" count="2" type="cond" truecount="1" falsecount="1"/>
      <line num="208" count="11" type="stmt"/>
      <line num="209" count="11" type="stmt"/>
      <line num="210" count="11" type="stmt"/>
      <line num="211" count="11" type="stmt"/>
      <line num="212" count="11" type="cond" truecount="3" falsecount="1"/>
      <line num="213" count="11" type="stmt"/>
      <line num="216" count="18" type="stmt"/>
      <line num="218" count="18" type="stmt"/>
      <line num="222" count="1" type="cond" truecount="1" falsecount="1"/>
      <line num="223" count="2" type="cond" truecount="2" falsecount="0"/>
      <line num="227" count="0" type="cond" truecount="0" falsecount="4"/>
      <line num="228" count="0" type="cond" truecount="0" falsecount="4"/>
      <line num="232" count="1" type="cond" truecount="3" falsecount="1"/>
      <line num="233" count="1" type="stmt"/>
      <line num="234" count="1" type="stmt"/>
      <line num="235" count="3" type="cond" truecount="4" falsecount="0"/>
      <line num="236" count="2" type="cond" truecount="2" falsecount="0"/>
      <line num="237" count="2" type="cond" truecount="2" falsecount="0"/>
      <line num="238" count="2" type="cond" truecount="1" falsecount="1"/>
      <line num="241" count="1" type="stmt"/>
      <line num="245" count="1" type="cond" truecount="4" falsecount="1"/>
      <line num="246" count="1" type="stmt"/>
      <line num="247" count="1" type="cond" truecount="1" falsecount="1"/>
      <line num="248" count="1" type="stmt"/>
      <line num="249" count="1" type="stmt"/>
      <line num="251" count="1" type="cond" truecount="1" falsecount="1"/>
      <line num="252" count="1" type="stmt"/>
      <line num="256" count="1" type="cond" truecount="1" falsecount="1"/>
      <line num="257" count="1" type="cond" truecount="2" falsecount="0"/>
      <line num="258" count="1" type="cond" truecount="1" falsecount="1"/>
      <line num="259" count="1" type="cond" truecount="1" falsecount="1"/>
      <line num="260" count="1" type="cond" truecount="1" falsecount="1"/>
      <line num="261" count="1" type="cond" truecount="4" falsecount="4"/>
      <line num="265" count="1" type="cond" truecount="3" falsecount="1"/>
      <line num="266" count="2" type="stmt"/>
      <line num="270" count="2" type="cond" truecount="2" falsecount="0"/>
      <line num="273" count="18" type="stmt"/>
      <line num="274" count="18" type="stmt"/>
      <line num="275" count="18" type="stmt"/>
      <line num="276" count="18" type="stmt"/>
      <line num="277" count="18" type="stmt"/>
      <line num="278" count="18" type="stmt"/>
      <line num="279" count="18" type="stmt"/>
      <line num="283" count="2" type="cond" truecount="1" falsecount="1"/>
      <line num="284" count="2" type="cond" truecount="4" falsecount="0"/>
      <line num="285" count="1" type="stmt"/>
      <line num="286" count="1" type="cond" truecount="3" falsecount="1"/>
      <line num="287" count="1" type="stmt"/>
      <line num="288" count="1" type="stmt"/>
      <line num="290" count="0" type="stmt"/>
      <line num="292" count="1" type="cond" truecount="1" falsecount="1"/>
      <line num="293" count="0" type="stmt"/>
      <line num="296" count="18" type="stmt"/>
      <line num="301" count="0" type="cond" truecount="0" falsecount="2"/>
      <line num="302" count="0" type="cond" truecount="0" falsecount="2"/>
      <line num="303" count="0" type="cond" truecount="0" falsecount="2"/>
      <line num="304" count="0" type="cond" truecount="0" falsecount="2"/>
      <line num="305" count="0" type="cond" truecount="0" falsecount="2"/>
      <line num="306" count="0" type="cond" truecount="0" falsecount="2"/>
      <line num="307" count="0" type="cond" truecount="0" falsecount="2"/>
      <line num="308" count="0" type="cond" truecount="0" falsecount="2"/>
      <line num="309" count="0" type="cond" truecount="0" falsecount="2"/>
      <line num="311" count="0" type="stmt"/>
      <line num="351" count="0" type="cond" truecount="0" falsecount="2"/>
      <line num="372" count="18" type="stmt"/>
      <line num="376" count="3" type="cond" truecount="1" falsecount="1"/>
      <line num="377" count="3" type="stmt"/>
      <line num="378" count="3" type="cond" truecount="1" falsecount="1"/>
      <line num="379" count="3" type="stmt"/>
      <line num="380" count="4" type="stmt"/>
      <line num="381" count="3" type="cond" truecount="2" falsecount="0"/>
      <line num="384" count="1" type="stmt"/>
      <line num="386" count="1" type="stmt"/>
      <line num="390" count="1" type="cond" truecount="1" falsecount="1"/>
      <line num="391" count="1" type="stmt"/>
      <line num="392" count="1" type="cond" truecount="1" falsecount="1"/>
      <line num="393" count="1" type="stmt"/>
      <line num="394" count="1" type="stmt"/>
      <line num="396" count="0" type="stmt"/>
      <line num="400" count="18" type="stmt"/>
      <line num="401" count="18" type="stmt"/>
      <line num="407" count="3" type="cond" truecount="1" falsecount="1"/>
      <line num="408" count="3" type="stmt"/>
      <line num="409" count="3" type="cond" truecount="1" falsecount="1"/>
      <line num="410" count="3" type="stmt"/>
      <line num="411" count="5" type="stmt"/>
      <line num="412" count="5" type="stmt"/>
      <line num="413" count="3" type="cond" truecount="2" falsecount="0"/>
      <line num="419" count="0" type="stmt"/>
      <line num="421" count="1" type="stmt"/>
      <line num="424" count="18" type="stmt"/>
      <line num="429" count="8" type="cond" truecount="1" falsecount="1"/>
      <line num="430" count="8" type="stmt"/>
      <line num="431" count="8" type="stmt"/>
      <line num="432" count="6" type="cond" truecount="3" falsecount="1"/>
      <line num="433" count="6" type="cond" truecount="1" falsecount="1"/>
      <line num="434" count="6" type="stmt"/>
      <line num="435" count="6" type="stmt"/>
      <line num="438" count="0" type="cond" truecount="0" falsecount="6"/>
      <line num="439" count="0" type="cond" truecount="0" falsecount="2"/>
      <line num="440" count="0" type="stmt"/>
      <line num="441" count="0" type="stmt"/>
      <line num="442" count="0" type="cond" truecount="0" falsecount="2"/>
      <line num="443" count="0" type="cond" truecount="0" falsecount="2"/>
      <line num="444" count="0" type="stmt"/>
      <line num="446" count="0" type="stmt"/>
      <line num="448" count="0" type="stmt"/>
      <line num="449" count="0" type="cond" truecount="0" falsecount="2"/>
      <line num="450" count="0" type="cond" truecount="0" falsecount="2"/>
      <line num="451" count="0" type="cond" truecount="0" falsecount="2"/>
      <line num="452" count="0" type="stmt"/>
      <line num="454" count="0" type="stmt"/>
      <line num="456" count="2" type="cond" truecount="1" falsecount="1"/>
      <line num="460" count="18" type="stmt"/>
      <line num="466" count="4" type="cond" truecount="1" falsecount="1"/>
      <line num="467" count="4" type="stmt"/>
      <line num="468" count="4" type="stmt"/>
      <line num="469" count="4" type="cond" truecount="3" falsecount="1"/>
      <line num="470" count="4" type="cond" truecount="4" falsecount="2"/>
      <line num="471" count="4" type="cond" truecount="2" falsecount="0"/>
      <line num="472" count="3" type="stmt"/>
      <line num="473" count="3" type="stmt"/>
      <line num="474" count="2" type="stmt"/>
      <line num="475" count="2" type="cond" truecount="1" falsecount="1"/>
      <line num="476" count="2" type="stmt"/>
      <line num="477" count="2" type="stmt"/>
      <line num="478" count="2" type="cond" truecount="3" falsecount="1"/>
      <line num="479" count="2" type="stmt"/>
      <line num="480" count="1" type="stmt"/>
      <line num="485" count="2" type="stmt"/>
      <line num="487" count="1" type="stmt"/>
      <line num="491" count="1" type="stmt"/>
      <line num="492" count="1" type="stmt"/>
      <line num="493" count="1" type="cond" truecount="1" falsecount="1"/>
      <line num="494" count="1" type="cond" truecount="1" falsecount="1"/>
      <line num="495" count="1" type="stmt"/>
      <line num="496" count="1" type="stmt"/>
      <line num="497" count="1" type="cond" truecount="3" falsecount="1"/>
      <line num="498" count="1" type="stmt"/>
      <line num="499" count="1" type="stmt"/>
      <line num="504" count="1" type="stmt"/>
      <line num="506" count="0" type="stmt"/>
      <line num="509" count="0" type="cond" truecount="0" falsecount="4"/>
      <line num="513" count="18" type="stmt"/>
      <line num="518" count="1" type="cond" truecount="1" falsecount="1"/>
      <line num="519" count="1" type="stmt"/>
      <line num="520" count="1" type="stmt"/>
      <line num="521" count="1" type="cond" truecount="2" falsecount="2"/>
      <line num="522" count="1" type="cond" truecount="2" falsecount="2"/>
      <line num="523" count="1" type="stmt"/>
      <line num="524" count="1" type="stmt"/>
      <line num="525" count="1" type="stmt"/>
      <line num="526" count="1" type="cond" truecount="2" falsecount="2"/>
      <line num="527" count="1" type="stmt"/>
      <line num="530" count="18" type="stmt"/>
      <line num="534" count="7" type="stmt"/>
      <line num="535" count="7" type="cond" truecount="2" falsecount="0"/>
      <line num="539" count="3" type="cond" truecount="1" falsecount="1"/>
      <line num="540" count="3" type="stmt"/>
      <line num="541" count="3" type="cond" truecount="1" falsecount="1"/>
      <line num="542" count="3" type="cond" truecount="1" falsecount="1"/>
      <line num="543" count="3" type="cond" truecount="1" falsecount="1"/>
      <line num="544" count="3" type="cond" truecount="1" falsecount="1"/>
      <line num="545" count="3" type="stmt"/>
      <line num="547" count="0" type="stmt"/>
      <line num="551" count="18" type="stmt"/>
      <line num="552" count="18" type="stmt"/>
      <line num="556" count="3" type="stmt"/>
      <line num="557" count="3" type="cond" truecount="2" falsecount="0"/>
      <line num="558" count="3" type="cond" truecount="4" falsecount="0"/>
      <line num="559" count="2" type="cond" truecount="2" falsecount="0"/>
      <line num="560" count="3" type="stmt"/>
      <line num="563" count="18" type="stmt"/>
      <line num="567" count="3" type="cond" truecount="1" falsecount="1"/>
      <line num="568" count="3" type="stmt"/>
      <line num="569" count="3" type="cond" truecount="2" falsecount="0"/>
      <line num="570" count="2" type="stmt"/>
      <line num="571" count="2" type="stmt"/>
      <line num="572" count="1" type="stmt"/>
      <line num="574" count="1" type="stmt"/>
      <line num="578" count="1" type="stmt"/>
      <line num="581" count="18" type="stmt"/>
      <line num="585" count="1" type="cond" truecount="1" falsecount="1"/>
      <line num="586" count="1" type="stmt"/>
      <line num="587" count="1" type="stmt"/>
      <line num="588" count="1" type="stmt"/>
      <line num="593" count="1" type="cond" truecount="1" falsecount="1"/>
      <line num="594" count="1" type="cond" truecount="1" falsecount="1"/>
      <line num="597" count="18" type="stmt"/>
      <line num="598" count="18" type="stmt"/>
      <line num="601" count="18" type="cond" truecount="1" falsecount="1"/>
      <line num="602" count="18" type="stmt"/>
    </file>
    <file name="runtime-dispatch.js" path="C:\Users\HP\query-pg\lib\runtime-dispatch.js">
      <metrics statements="19" coveredstatements="19" conditionals="26" coveredconditionals="21" methods="2" coveredmethods="2"/>
      <line num="3" count="18" type="cond" truecount="1" falsecount="1"/>
      <line num="4" count="18" type="cond" truecount="2" falsecount="0"/>
      <line num="5" count="5" type="cond" truecount="4" falsecount="0"/>
      <line num="6" count="5" type="stmt"/>
      <line num="8" count="13" type="cond" truecount="4" falsecount="0"/>
      <line num="9" count="4" type="stmt"/>
      <line num="11" count="9" type="stmt"/>
      <line num="17" count="15" type="stmt"/>
      <line num="18" count="15" type="cond" truecount="2" falsecount="0"/>
      <line num="19" count="7" type="stmt"/>
      <line num="20" count="7" type="cond" truecount="1" falsecount="1"/>
      <line num="24" count="7" type="stmt"/>
      <line num="27" count="8" type="stmt"/>
      <line num="28" count="8" type="cond" truecount="1" falsecount="1"/>
      <line num="33" count="8" type="cond" truecount="5" falsecount="0"/>
      <line num="34" count="3" type="stmt"/>
      <line num="35" count="3" type="cond" truecount="1" falsecount="1"/>
      <line num="39" count="8" type="stmt"/>
      <line num="42" count="7" type="stmt"/>
    </file>
    <file name="runtime-utils.js" path="C:\Users\HP\query-pg\lib\runtime-utils.js">
      <metrics statements="20" coveredstatements="20" conditionals="41" coveredconditionals="27" methods="2" coveredmethods="2"/>
      <line num="4" count="2" type="cond" truecount="1" falsecount="1"/>
      <line num="5" count="2" type="stmt"/>
      <line num="6" count="2" type="cond" truecount="4" falsecount="0"/>
      <line num="7" count="1" type="stmt"/>
      <line num="10" count="2" type="cond" truecount="4" falsecount="0"/>
      <line num="11" count="2" type="cond" truecount="4" falsecount="0"/>
      <line num="12" count="2" type="stmt"/>
      <line num="13" count="2" type="cond" truecount="5" falsecount="0"/>
      <line num="14" count="2" type="stmt"/>
      <line num="19" count="3" type="cond" truecount="4" falsecount="2"/>
      <line num="20" count="3" type="cond" truecount="2" falsecount="0"/>
      <line num="21" count="2" type="stmt"/>
      <line num="22" count="2" type="stmt"/>
      <line num="24" count="2" type="cond" truecount="1" falsecount="1"/>
      <line num="25" count="1" type="stmt"/>
      <line num="27" count="1" type="stmt"/>
      <line num="28" count="1" type="cond" truecount="1" falsecount="1"/>
      <line num="29" count="1" type="cond" truecount="1" falsecount="1"/>
      <line num="30" count="1" type="stmt"/>
      <line num="33" count="7" type="stmt"/>
    </file>
    <file name="runtime-ws-utils.js" path="C:\Users\HP\query-pg\lib\runtime-ws-utils.js">
      <metrics statements="19" coveredstatements="19" conditionals="26" coveredconditionals="20" methods="7" coveredmethods="7"/>
      <line num="2" count="4" type="stmt"/>
      <line num="6" count="4" type="stmt"/>
      <line num="7" count="1" type="cond" truecount="2" falsecount="2"/>
      <line num="8" count="1" type="cond" truecount="3" falsecount="1"/>
      <line num="9" count="1" type="cond" truecount="1" falsecount="1"/>
      <line num="11" count="2" type="cond" truecount="1" falsecount="1"/>
      <line num="13" count="2" type="stmt"/>
      <line num="15" count="2" type="cond" truecount="2" falsecount="0"/>
      <line num="16" count="2" type="stmt"/>
      <line num="17" count="2" type="stmt"/>
      <line num="24" count="4" type="cond" truecount="2" falsecount="0"/>
      <line num="25" count="4" type="cond" truecount="2" falsecount="0"/>
      <line num="26" count="3" type="stmt"/>
      <line num="27" count="3" type="cond" truecount="3" falsecount="1"/>
      <line num="28" count="3" type="cond" truecount="2" falsecount="0"/>
      <line num="29" count="3" type="stmt"/>
      <line num="30" count="1" type="cond" truecount="2" falsecount="0"/>
      <line num="32" count="3" type="stmt"/>
      <line num="35" count="4" type="stmt"/>
    </file>
    <file name="runtime.js" path="C:\Users\HP\query-pg\lib\runtime.js">
      <metrics statements="40" coveredstatements="22" conditionals="47" coveredconditionals="26" methods="10" coveredmethods="3"/>
      <line num="1" count="6" type="stmt"/>
      <line num="2" count="6" type="stmt"/>
      <line num="3" count="6" type="stmt"/>
      <line num="8" count="12" type="cond" truecount="4" falsecount="0"/>
      <line num="9" count="11" type="cond" truecount="4" falsecount="0"/>
      <line num="12" count="11" type="cond" truecount="3" falsecount="1"/>
      <line num="13" count="11" type="stmt"/>
      <line num="15" count="0" type="stmt"/>
      <line num="18" count="11" type="stmt"/>
      <line num="19" count="11" type="cond" truecount="4" falsecount="0"/>
      <line num="20" count="1" type="stmt"/>
      <line num="21" count="1" type="cond" truecount="3" falsecount="1"/>
      <line num="23" count="0" type="stmt"/>
      <line num="27" count="11" type="stmt"/>
      <line num="28" count="11" type="stmt"/>
      <line num="30" count="0" type="cond" truecount="0" falsecount="4"/>
      <line num="31" count="0" type="cond" truecount="0" falsecount="2"/>
      <line num="38" count="4" type="cond" truecount="5" falsecount="0"/>
      <line num="39" count="3" type="stmt"/>
      <line num="42" count="3" type="stmt"/>
      <line num="43" count="3" type="stmt"/>
      <line num="44" count="3" type="stmt"/>
      <line num="46" count="3" type="stmt"/>
      <line num="48" count="0" type="stmt"/>
      <line num="49" count="0" type="cond" truecount="0" falsecount="2"/>
      <line num="50" count="0" type="cond" truecount="0" falsecount="2"/>
      <line num="51" count="0" type="cond" truecount="0" falsecount="2"/>
      <line num="52" count="0" type="cond" truecount="0" falsecount="2"/>
      <line num="56" count="3" type="cond" truecount="3" falsecount="1"/>
      <line num="58" count="0" type="stmt"/>
      <line num="59" count="0" type="stmt"/>
      <line num="60" count="0" type="stmt"/>
      <line num="61" count="0" type="stmt"/>
      <line num="62" count="0" type="stmt"/>
      <line num="64" count="0" type="stmt"/>
      <line num="65" count="0" type="stmt"/>
      <line num="66" count="0" type="cond" truecount="0" falsecount="2"/>
      <line num="67" count="0" type="cond" truecount="0" falsecount="2"/>
      <line num="71" count="3" type="stmt"/>
      <line num="74" count="6" type="stmt"/>
    </file>
  </project>
</coverage>
