{"C:\\Users\\HP\\query-pg\\lib\\helpers.js": {"path":"C:\\Users\\HP\\query-pg\\lib\\helpers.js","statementMap":{"0":{"start":{"line":4,"column":2},"end":{"line":4,"column":42}},"1":{"start":{"line":4,"column":31},"end":{"line":4,"column":42}},"2":{"start":{"line":5,"column":2},"end":{"line":5,"column":80}},"3":{"start":{"line":9,"column":2},"end":{"line":9,"column":61}},"4":{"start":{"line":9,"column":35},"end":{"line":9,"column":61}},"5":{"start":{"line":10,"column":2},"end":{"line":13,"column":3}},"6":{"start":{"line":11,"column":4},"end":{"line":11,"column":89}},"7":{"start":{"line":11,"column":10},"end":{"line":11,"column":75}},"8":{"start":{"line":12,"column":4},"end":{"line":12,"column":63}},"9":{"start":{"line":14,"column":10},"end":{"line":14,"column":35}},"10":{"start":{"line":15,"column":2},"end":{"line":15,"column":105}},"11":{"start":{"line":16,"column":2},"end":{"line":16,"column":101}},"12":{"start":{"line":17,"column":2},"end":{"line":17,"column":82}},"13":{"start":{"line":18,"column":2},"end":{"line":18,"column":81}},"14":{"start":{"line":19,"column":2},"end":{"line":19,"column":77}},"15":{"start":{"line":20,"column":2},"end":{"line":20,"column":11}},"16":{"start":{"line":24,"column":2},"end":{"line":24,"column":25}},"17":{"start":{"line":24,"column":15},"end":{"line":24,"column":25}},"18":{"start":{"line":25,"column":2},"end":{"line":29,"column":3}},"19":{"start":{"line":26,"column":4},"end":{"line":28,"column":16}},"20":{"start":{"line":27,"column":6},"end":{"line":27,"column":79}},"21":{"start":{"line":30,"column":2},"end":{"line":32,"column":3}},"22":{"start":{"line":31,"column":4},"end":{"line":31,"column":187}},"23":{"start":{"line":33,"column":15},"end":{"line":33,"column":75}},"24":{"start":{"line":34,"column":14},"end":{"line":34,"column":64}},"25":{"start":{"line":35,"column":2},"end":{"line":35,"column":140}},"26":{"start":{"line":39,"column":2},"end":{"line":39,"column":75}},"27":{"start":{"line":43,"column":2},"end":{"line":43,"column":34}},"28":{"start":{"line":43,"column":18},"end":{"line":43,"column":34}},"29":{"start":{"line":44,"column":2},"end":{"line":44,"column":120}},"30":{"start":{"line":49,"column":2},"end":{"line":49,"column":99}},"31":{"start":{"line":49,"column":68},"end":{"line":49,"column":99}},"32":{"start":{"line":50,"column":2},"end":{"line":50,"column":87}},"33":{"start":{"line":50,"column":60},"end":{"line":50,"column":87}},"34":{"start":{"line":51,"column":2},"end":{"line":51,"column":63}},"35":{"start":{"line":51,"column":43},"end":{"line":51,"column":63}},"36":{"start":{"line":52,"column":2},"end":{"line":52,"column":14}},"37":{"start":{"line":56,"column":18},"end":{"line":56,"column":56}},"38":{"start":{"line":57,"column":2},"end":{"line":57,"column":83}},"39":{"start":{"line":57,"column":38},"end":{"line":57,"column":83}},"40":{"start":{"line":58,"column":2},"end":{"line":58,"column":17}},"41":{"start":{"line":62,"column":2},"end":{"line":62,"column":29}},"42":{"start":{"line":62,"column":16},"end":{"line":62,"column":29}},"43":{"start":{"line":63,"column":2},"end":{"line":63,"column":104}},"44":{"start":{"line":63,"column":8},"end":{"line":63,"column":62}},"45":{"start":{"line":63,"column":63},"end":{"line":63,"column":75}},"46":{"start":{"line":63,"column":89},"end":{"line":63,"column":102}},"47":{"start":{"line":67,"column":2},"end":{"line":67,"column":28}},"48":{"start":{"line":67,"column":16},"end":{"line":67,"column":28}},"49":{"start":{"line":68,"column":2},"end":{"line":68,"column":89}},"50":{"start":{"line":68,"column":8},"end":{"line":68,"column":61}},"51":{"start":{"line":68,"column":75},"end":{"line":68,"column":87}},"52":{"start":{"line":72,"column":21},"end":{"line":72,"column":56}},"53":{"start":{"line":73,"column":2},"end":{"line":73,"column":31}},"54":{"start":{"line":73,"column":13},"end":{"line":73,"column":31}},"55":{"start":{"line":74,"column":2},"end":{"line":74,"column":35}},"56":{"start":{"line":78,"column":2},"end":{"line":78,"column":92}},"57":{"start":{"line":78,"column":81},"end":{"line":78,"column":92}},"58":{"start":{"line":79,"column":12},"end":{"line":79,"column":41}},"59":{"start":{"line":80,"column":14},"end":{"line":80,"column":123}},"60":{"start":{"line":80,"column":53},"end":{"line":80,"column":112}},"61":{"start":{"line":81,"column":2},"end":{"line":81,"column":49}},"62":{"start":{"line":86,"column":17},"end":{"line":86,"column":88}},"63":{"start":{"line":87,"column":2},"end":{"line":119,"column":3}},"64":{"start":{"line":88,"column":24},"end":{"line":88,"column":128}},"65":{"start":{"line":89,"column":4},"end":{"line":113,"column":5}},"66":{"start":{"line":90,"column":19},"end":{"line":90,"column":36}},"67":{"start":{"line":91,"column":22},"end":{"line":91,"column":51}},"68":{"start":{"line":92,"column":6},"end":{"line":92,"column":28}},"69":{"start":{"line":93,"column":6},"end":{"line":93,"column":26}},"70":{"start":{"line":95,"column":6},"end":{"line":99,"column":7}},"71":{"start":{"line":96,"column":21},"end":{"line":96,"column":58}},"72":{"start":{"line":97,"column":8},"end":{"line":97,"column":42}},"73":{"start":{"line":98,"column":8},"end":{"line":98,"column":34}},"74":{"start":{"line":100,"column":6},"end":{"line":100,"column":20}},"75":{"start":{"line":103,"column":19},"end":{"line":103,"column":36}},"76":{"start":{"line":104,"column":20},"end":{"line":104,"column":91}},"77":{"start":{"line":105,"column":6},"end":{"line":105,"column":28}},"78":{"start":{"line":106,"column":6},"end":{"line":106,"column":29}},"79":{"start":{"line":107,"column":6},"end":{"line":111,"column":7}},"80":{"start":{"line":108,"column":21},"end":{"line":108,"column":58}},"81":{"start":{"line":109,"column":8},"end":{"line":109,"column":40}},"82":{"start":{"line":110,"column":8},"end":{"line":110,"column":34}},"83":{"start":{"line":112,"column":6},"end":{"line":112,"column":20}},"84":{"start":{"line":116,"column":4},"end":{"line":116,"column":26}},"85":{"start":{"line":117,"column":4},"end":{"line":117,"column":43}},"86":{"start":{"line":118,"column":4},"end":{"line":118,"column":18}},"87":{"start":{"line":124,"column":16},"end":{"line":124,"column":76}},"88":{"start":{"line":125,"column":4},"end":{"line":125,"column":28}},"89":{"start":{"line":125,"column":17},"end":{"line":125,"column":28}},"90":{"start":{"line":127,"column":4},"end":{"line":132,"column":5}},"91":{"start":{"line":128,"column":18},"end":{"line":128,"column":102}},"92":{"start":{"line":129,"column":6},"end":{"line":129,"column":36}},"93":{"start":{"line":130,"column":6},"end":{"line":130,"column":31}},"94":{"start":{"line":131,"column":6},"end":{"line":131,"column":17}},"95":{"start":{"line":134,"column":4},"end":{"line":134,"column":82}},"96":{"start":{"line":135,"column":4},"end":{"line":135,"column":98}},"97":{"start":{"line":136,"column":4},"end":{"line":136,"column":91}},"98":{"start":{"line":138,"column":4},"end":{"line":142,"column":5}},"99":{"start":{"line":139,"column":6},"end":{"line":139,"column":31}},"100":{"start":{"line":140,"column":6},"end":{"line":140,"column":25}},"101":{"start":{"line":141,"column":6},"end":{"line":141,"column":17}},"102":{"start":{"line":144,"column":4},"end":{"line":148,"column":5}},"103":{"start":{"line":145,"column":6},"end":{"line":145,"column":112}},"104":{"start":{"line":145,"column":12},"end":{"line":145,"column":62}},"105":{"start":{"line":145,"column":77},"end":{"line":145,"column":110}},"106":{"start":{"line":146,"column":11},"end":{"line":148,"column":5}},"107":{"start":{"line":147,"column":6},"end":{"line":147,"column":31}},"108":{"start":{"line":149,"column":4},"end":{"line":149,"column":15}},"109":{"start":{"line":152,"column":2},"end":{"line":152,"column":67}},"110":{"start":{"line":154,"column":0},"end":{"line":164,"column":2}},"111":{"start":{"line":166,"column":0},"end":{"line":166,"column":53}},"112":{"start":{"line":167,"column":0},"end":{"line":167,"column":61}},"113":{"start":{"line":171,"column":2},"end":{"line":171,"column":45}},"114":{"start":{"line":171,"column":13},"end":{"line":171,"column":45}},"115":{"start":{"line":172,"column":2},"end":{"line":177,"column":3}},"116":{"start":{"line":173,"column":16},"end":{"line":173,"column":32}},"117":{"start":{"line":174,"column":4},"end":{"line":174,"column":35}},"118":{"start":{"line":176,"column":4},"end":{"line":176,"column":43}},"119":{"start":{"line":182,"column":2},"end":{"line":182,"column":75}},"120":{"start":{"line":182,"column":8},"end":{"line":182,"column":37}},"121":{"start":{"line":182,"column":52},"end":{"line":182,"column":73}},"122":{"start":{"line":187,"column":2},"end":{"line":187,"column":52}},"123":{"start":{"line":187,"column":14},"end":{"line":187,"column":52}},"124":{"start":{"line":188,"column":2},"end":{"line":188,"column":91}},"125":{"start":{"line":188,"column":15},"end":{"line":188,"column":91}},"126":{"start":{"line":189,"column":2},"end":{"line":189,"column":85}},"127":{"start":{"line":192,"column":0},"end":{"line":192,"column":51}},"128":{"start":{"line":193,"column":0},"end":{"line":193,"column":51}},"129":{"start":{"line":194,"column":0},"end":{"line":194,"column":47}},"130":{"start":{"line":197,"column":0},"end":{"line":197,"column":116}},"131":{"start":{"line":197,"column":51},"end":{"line":197,"column":116}},"132":{"start":{"line":201,"column":20},"end":{"line":201,"column":99}},"133":{"start":{"line":202,"column":12},"end":{"line":202,"column":41}},"134":{"start":{"line":204,"column":2},"end":{"line":206,"column":5}},"135":{"start":{"line":205,"column":4},"end":{"line":205,"column":68}},"136":{"start":{"line":205,"column":37},"end":{"line":205,"column":68}},"137":{"start":{"line":208,"column":22},"end":{"line":208,"column":110}},"138":{"start":{"line":208,"column":80},"end":{"line":208,"column":108}},"139":{"start":{"line":209,"column":2},"end":{"line":209,"column":44}},"140":{"start":{"line":210,"column":17},"end":{"line":210,"column":43}},"141":{"start":{"line":211,"column":18},"end":{"line":211,"column":47}},"142":{"start":{"line":212,"column":18},"end":{"line":212,"column":106}},"143":{"start":{"line":213,"column":2},"end":{"line":213,"column":46}},"144":{"start":{"line":216,"column":0},"end":{"line":216,"column":43}},"145":{"start":{"line":218,"column":0},"end":{"line":218,"column":39}},"146":{"start":{"line":222,"column":2},"end":{"line":222,"column":24}},"147":{"start":{"line":222,"column":14},"end":{"line":222,"column":24}},"148":{"start":{"line":223,"column":2},"end":{"line":223,"column":114}},"149":{"start":{"line":223,"column":37},"end":{"line":223,"column":103}},"150":{"start":{"line":227,"column":2},"end":{"line":227,"column":50}},"151":{"start":{"line":227,"column":40},"end":{"line":227,"column":50}},"152":{"start":{"line":228,"column":2},"end":{"line":228,"column":136}},"153":{"start":{"line":228,"column":26},"end":{"line":228,"column":125}},"154":{"start":{"line":232,"column":2},"end":{"line":232,"column":59}},"155":{"start":{"line":232,"column":49},"end":{"line":232,"column":59}},"156":{"start":{"line":233,"column":12},"end":{"line":233,"column":14}},"157":{"start":{"line":234,"column":2},"end":{"line":240,"column":5}},"158":{"start":{"line":235,"column":4},"end":{"line":239,"column":5}},"159":{"start":{"line":236,"column":16},"end":{"line":236,"column":68}},"160":{"start":{"line":237,"column":18},"end":{"line":237,"column":45}},"161":{"start":{"line":238,"column":6},"end":{"line":238,"column":183}},"162":{"start":{"line":241,"column":2},"end":{"line":241,"column":13}},"163":{"start":{"line":245,"column":2},"end":{"line":245,"column":98}},"164":{"start":{"line":245,"column":88},"end":{"line":245,"column":98}},"165":{"start":{"line":246,"column":17},"end":{"line":246,"column":63}},"166":{"start":{"line":247,"column":18},"end":{"line":247,"column":63}},"167":{"start":{"line":248,"column":22},"end":{"line":248,"column":53}},"168":{"start":{"line":249,"column":12},"end":{"line":249,"column":163}},"169":{"start":{"line":251,"column":2},"end":{"line":251,"column":54}},"170":{"start":{"line":251,"column":14},"end":{"line":251,"column":54}},"171":{"start":{"line":252,"column":2},"end":{"line":252,"column":13}},"172":{"start":{"line":256,"column":26},"end":{"line":256,"column":65}},"173":{"start":{"line":257,"column":20},"end":{"line":257,"column":144}},"174":{"start":{"line":257,"column":61},"end":{"line":257,"column":143}},"175":{"start":{"line":258,"column":22},"end":{"line":258,"column":51}},"176":{"start":{"line":259,"column":20},"end":{"line":259,"column":79}},"177":{"start":{"line":260,"column":22},"end":{"line":260,"column":79}},"178":{"start":{"line":261,"column":2},"end":{"line":261,"column":1297}},"179":{"start":{"line":265,"column":2},"end":{"line":265,"column":53}},"180":{"start":{"line":265,"column":43},"end":{"line":265,"column":53}},"181":{"start":{"line":266,"column":2},"end":{"line":266,"column":101}},"182":{"start":{"line":266,"column":31},"end":{"line":266,"column":90}},"183":{"start":{"line":270,"column":2},"end":{"line":270,"column":101}},"184":{"start":{"line":273,"column":0},"end":{"line":273,"column":59}},"185":{"start":{"line":274,"column":0},"end":{"line":274,"column":55}},"186":{"start":{"line":275,"column":0},"end":{"line":275,"column":49}},"187":{"start":{"line":276,"column":0},"end":{"line":276,"column":45}},"188":{"start":{"line":277,"column":0},"end":{"line":277,"column":47}},"189":{"start":{"line":278,"column":0},"end":{"line":278,"column":57}},"190":{"start":{"line":279,"column":0},"end":{"line":279,"column":49}},"191":{"start":{"line":283,"column":21},"end":{"line":283,"column":64}},"192":{"start":{"line":284,"column":2},"end":{"line":291,"column":3}},"193":{"start":{"line":285,"column":20},"end":{"line":285,"column":52}},"194":{"start":{"line":286,"column":4},"end":{"line":289,"column":5}},"195":{"start":{"line":287,"column":26},"end":{"line":287,"column":54}},"196":{"start":{"line":288,"column":6},"end":{"line":288,"column":85}},"197":{"start":{"line":290,"column":4},"end":{"line":290,"column":79}},"198":{"start":{"line":292,"column":2},"end":{"line":292,"column":90}},"199":{"start":{"line":292,"column":15},"end":{"line":292,"column":90}},"200":{"start":{"line":293,"column":2},"end":{"line":293,"column":72}},"201":{"start":{"line":296,"column":0},"end":{"line":296,"column":53}},"202":{"start":{"line":301,"column":26},"end":{"line":301,"column":53}},"203":{"start":{"line":302,"column":21},"end":{"line":302,"column":43}},"204":{"start":{"line":303,"column":19},"end":{"line":303,"column":39}},"205":{"start":{"line":304,"column":19},"end":{"line":304,"column":39}},"206":{"start":{"line":305,"column":25},"end":{"line":305,"column":51}},"207":{"start":{"line":306,"column":21},"end":{"line":306,"column":43}},"208":{"start":{"line":307,"column":18},"end":{"line":307,"column":64}},"209":{"start":{"line":308,"column":17},"end":{"line":308,"column":38}},"210":{"start":{"line":309,"column":27},"end":{"line":309,"column":66}},"211":{"start":{"line":311,"column":2},"end":{"line":369,"column":4}},"212":{"start":{"line":351,"column":68},"end":{"line":351,"column":139}},"213":{"start":{"line":372,"column":0},"end":{"line":372,"column":45}},"214":{"start":{"line":376,"column":2},"end":{"line":376,"column":28}},"215":{"start":{"line":376,"column":16},"end":{"line":376,"column":28}},"216":{"start":{"line":377,"column":2},"end":{"line":385,"column":3}},"217":{"start":{"line":378,"column":17},"end":{"line":378,"column":163}},"218":{"start":{"line":379,"column":4},"end":{"line":382,"column":5}},"219":{"start":{"line":380,"column":16},"end":{"line":380,"column":34}},"220":{"start":{"line":381,"column":6},"end":{"line":381,"column":22}},"221":{"start":{"line":381,"column":13},"end":{"line":381,"column":22}},"222":{"start":{"line":384,"column":4},"end":{"line":384,"column":16}},"223":{"start":{"line":386,"column":2},"end":{"line":386,"column":14}},"224":{"start":{"line":390,"column":2},"end":{"line":390,"column":29}},"225":{"start":{"line":390,"column":16},"end":{"line":390,"column":29}},"226":{"start":{"line":391,"column":2},"end":{"line":397,"column":3}},"227":{"start":{"line":392,"column":17},"end":{"line":392,"column":163}},"228":{"start":{"line":393,"column":4},"end":{"line":393,"column":36}},"229":{"start":{"line":394,"column":4},"end":{"line":394,"column":16}},"230":{"start":{"line":396,"column":4},"end":{"line":396,"column":17}},"231":{"start":{"line":400,"column":0},"end":{"line":400,"column":53}},"232":{"start":{"line":401,"column":0},"end":{"line":401,"column":37}},"233":{"start":{"line":407,"column":2},"end":{"line":407,"column":28}},"234":{"start":{"line":407,"column":16},"end":{"line":407,"column":28}},"235":{"start":{"line":408,"column":2},"end":{"line":420,"column":3}},"236":{"start":{"line":409,"column":17},"end":{"line":409,"column":163}},"237":{"start":{"line":410,"column":4},"end":{"line":417,"column":5}},"238":{"start":{"line":411,"column":6},"end":{"line":416,"column":7}},"239":{"start":{"line":412,"column":18},"end":{"line":412,"column":36}},"240":{"start":{"line":413,"column":8},"end":{"line":413,"column":24}},"241":{"start":{"line":413,"column":15},"end":{"line":413,"column":24}},"242":{"start":{"line":419,"column":4},"end":{"line":419,"column":16}},"243":{"start":{"line":421,"column":2},"end":{"line":421,"column":14}},"244":{"start":{"line":424,"column":0},"end":{"line":424,"column":51}},"245":{"start":{"line":429,"column":2},"end":{"line":429,"column":78}},"246":{"start":{"line":429,"column":37},"end":{"line":429,"column":78}},"247":{"start":{"line":430,"column":2},"end":{"line":457,"column":3}},"248":{"start":{"line":431,"column":17},"end":{"line":431,"column":44}},"249":{"start":{"line":432,"column":4},"end":{"line":432,"column":90}},"250":{"start":{"line":432,"column":53},"end":{"line":432,"column":90}},"251":{"start":{"line":433,"column":4},"end":{"line":436,"column":5}},"252":{"start":{"line":434,"column":21},"end":{"line":434,"column":86}},"253":{"start":{"line":435,"column":6},"end":{"line":435,"column":20}},"254":{"start":{"line":438,"column":24},"end":{"line":438,"column":128}},"255":{"start":{"line":439,"column":4},"end":{"line":447,"column":5}},"256":{"start":{"line":440,"column":19},"end":{"line":440,"column":36}},"257":{"start":{"line":441,"column":22},"end":{"line":441,"column":51}},"258":{"start":{"line":442,"column":6},"end":{"line":445,"column":7}},"259":{"start":{"line":443,"column":21},"end":{"line":443,"column":137}},"260":{"start":{"line":444,"column":8},"end":{"line":444,"column":42}},"261":{"start":{"line":446,"column":6},"end":{"line":446,"column":69}},"262":{"start":{"line":448,"column":17},"end":{"line":448,"column":34}},"263":{"start":{"line":449,"column":18},"end":{"line":449,"column":89}},"264":{"start":{"line":450,"column":4},"end":{"line":453,"column":5}},"265":{"start":{"line":451,"column":19},"end":{"line":451,"column":135}},"266":{"start":{"line":452,"column":6},"end":{"line":452,"column":38}},"267":{"start":{"line":454,"column":4},"end":{"line":454,"column":70}},"268":{"start":{"line":456,"column":4},"end":{"line":456,"column":45}},"269":{"start":{"line":460,"column":0},"end":{"line":460,"column":51}},"270":{"start":{"line":466,"column":2},"end":{"line":466,"column":78}},"271":{"start":{"line":466,"column":37},"end":{"line":466,"column":78}},"272":{"start":{"line":467,"column":2},"end":{"line":510,"column":3}},"273":{"start":{"line":468,"column":17},"end":{"line":468,"column":44}},"274":{"start":{"line":469,"column":4},"end":{"line":469,"column":90}},"275":{"start":{"line":469,"column":53},"end":{"line":469,"column":90}},"276":{"start":{"line":470,"column":24},"end":{"line":470,"column":128}},"277":{"start":{"line":471,"column":4},"end":{"line":489,"column":5}},"278":{"start":{"line":472,"column":6},"end":{"line":488,"column":7}},"279":{"start":{"line":473,"column":21},"end":{"line":473,"column":38}},"280":{"start":{"line":474,"column":24},"end":{"line":474,"column":53}},"281":{"start":{"line":475,"column":21},"end":{"line":475,"column":137}},"282":{"start":{"line":476,"column":23},"end":{"line":476,"column":27}},"283":{"start":{"line":477,"column":8},"end":{"line":484,"column":9}},"284":{"start":{"line":478,"column":10},"end":{"line":481,"column":11}},"285":{"start":{"line":479,"column":12},"end":{"line":479,"column":46}},"286":{"start":{"line":480,"column":12},"end":{"line":480,"column":31}},"287":{"start":{"line":485,"column":8},"end":{"line":485,"column":81}},"288":{"start":{"line":487,"column":8},"end":{"line":487,"column":90}},"289":{"start":{"line":491,"column":4},"end":{"line":507,"column":5}},"290":{"start":{"line":492,"column":19},"end":{"line":492,"column":36}},"291":{"start":{"line":493,"column":20},"end":{"line":493,"column":91}},"292":{"start":{"line":494,"column":19},"end":{"line":494,"column":135}},"293":{"start":{"line":495,"column":21},"end":{"line":495,"column":25}},"294":{"start":{"line":496,"column":6},"end":{"line":503,"column":7}},"295":{"start":{"line":497,"column":8},"end":{"line":500,"column":9}},"296":{"start":{"line":498,"column":10},"end":{"line":498,"column":42}},"297":{"start":{"line":499,"column":10},"end":{"line":499,"column":29}},"298":{"start":{"line":504,"column":6},"end":{"line":504,"column":82}},"299":{"start":{"line":506,"column":6},"end":{"line":506,"column":88}},"300":{"start":{"line":509,"column":4},"end":{"line":509,"column":61}},"301":{"start":{"line":513,"column":0},"end":{"line":513,"column":55}},"302":{"start":{"line":518,"column":2},"end":{"line":518,"column":84}},"303":{"start":{"line":518,"column":19},"end":{"line":518,"column":84}},"304":{"start":{"line":519,"column":19},"end":{"line":519,"column":54}},"305":{"start":{"line":520,"column":21},"end":{"line":520,"column":65}},"306":{"start":{"line":521,"column":17},"end":{"line":521,"column":61}},"307":{"start":{"line":522,"column":19},"end":{"line":522,"column":61}},"308":{"start":{"line":523,"column":19},"end":{"line":523,"column":73}},"309":{"start":{"line":524,"column":17},"end":{"line":524,"column":84}},"310":{"start":{"line":524,"column":47},"end":{"line":524,"column":78}},"311":{"start":{"line":525,"column":17},"end":{"line":525,"column":66}},"312":{"start":{"line":526,"column":19},"end":{"line":526,"column":53}},"313":{"start":{"line":527,"column":2},"end":{"line":527,"column":48}},"314":{"start":{"line":530,"column":0},"end":{"line":530,"column":53}},"315":{"start":{"line":534,"column":16},"end":{"line":534,"column":30}},"316":{"start":{"line":535,"column":2},"end":{"line":535,"column":35}},"317":{"start":{"line":539,"column":2},"end":{"line":539,"column":24}},"318":{"start":{"line":539,"column":11},"end":{"line":539,"column":24}},"319":{"start":{"line":540,"column":2},"end":{"line":548,"column":3}},"320":{"start":{"line":541,"column":4},"end":{"line":541,"column":75}},"321":{"start":{"line":541,"column":47},"end":{"line":541,"column":75}},"322":{"start":{"line":542,"column":4},"end":{"line":542,"column":84}},"323":{"start":{"line":542,"column":50},"end":{"line":542,"column":84}},"324":{"start":{"line":543,"column":4},"end":{"line":543,"column":78}},"325":{"start":{"line":543,"column":48},"end":{"line":543,"column":78}},"326":{"start":{"line":544,"column":4},"end":{"line":544,"column":78}},"327":{"start":{"line":544,"column":48},"end":{"line":544,"column":78}},"328":{"start":{"line":545,"column":4},"end":{"line":545,"column":16}},"329":{"start":{"line":547,"column":4},"end":{"line":547,"column":17}},"330":{"start":{"line":551,"column":0},"end":{"line":551,"column":55}},"331":{"start":{"line":552,"column":0},"end":{"line":552,"column":51}},"332":{"start":{"line":556,"column":13},"end":{"line":556,"column":15}},"333":{"start":{"line":557,"column":2},"end":{"line":557,"column":52}},"334":{"start":{"line":557,"column":18},"end":{"line":557,"column":52}},"335":{"start":{"line":558,"column":2},"end":{"line":559,"column":36}},"336":{"start":{"line":558,"column":58},"end":{"line":558,"column":99}},"337":{"start":{"line":559,"column":7},"end":{"line":559,"column":36}},"338":{"start":{"line":559,"column":20},"end":{"line":559,"column":36}},"339":{"start":{"line":560,"column":2},"end":{"line":560,"column":14}},"340":{"start":{"line":563,"column":0},"end":{"line":563,"column":45}},"341":{"start":{"line":567,"column":2},"end":{"line":567,"column":52}},"342":{"start":{"line":567,"column":14},"end":{"line":567,"column":52}},"343":{"start":{"line":568,"column":14},"end":{"line":568,"column":26}},"344":{"start":{"line":569,"column":2},"end":{"line":576,"column":3}},"345":{"start":{"line":570,"column":4},"end":{"line":575,"column":5}},"346":{"start":{"line":571,"column":19},"end":{"line":571,"column":34}},"347":{"start":{"line":572,"column":6},"end":{"line":572,"column":44}},"348":{"start":{"line":574,"column":6},"end":{"line":574,"column":45}},"349":{"start":{"line":578,"column":2},"end":{"line":578,"column":39}},"350":{"start":{"line":581,"column":0},"end":{"line":581,"column":53}},"351":{"start":{"line":585,"column":12},"end":{"line":585,"column":48}},"352":{"start":{"line":586,"column":2},"end":{"line":586,"column":16}},"353":{"start":{"line":587,"column":2},"end":{"line":587,"column":35}},"354":{"start":{"line":587,"column":25},"end":{"line":587,"column":35}},"355":{"start":{"line":588,"column":2},"end":{"line":588,"column":11}},"356":{"start":{"line":593,"column":2},"end":{"line":593,"column":35}},"357":{"start":{"line":593,"column":12},"end":{"line":593,"column":35}},"358":{"start":{"line":594,"column":2},"end":{"line":594,"column":62}},"359":{"start":{"line":597,"column":0},"end":{"line":597,"column":43}},"360":{"start":{"line":598,"column":0},"end":{"line":598,"column":51}},"361":{"start":{"line":601,"column":0},"end":{"line":603,"column":1}},"362":{"start":{"line":602,"column":2},"end":{"line":602,"column":43}}},"fnMap":{"0":{"name":"escapeHtmlHelper","decl":{"start":{"line":3,"column":9},"end":{"line":3,"column":25}},"loc":{"start":{"line":3,"column":31},"end":{"line":6,"column":1}},"line":3},"1":{"name":"highlightJSONHelper","decl":{"start":{"line":8,"column":9},"end":{"line":8,"column":28}},"loc":{"start":{"line":8,"column":56},"end":{"line":21,"column":1}},"line":8},"2":{"name":"renderSchemaFieldsHelper","decl":{"start":{"line":23,"column":9},"end":{"line":23,"column":33}},"loc":{"start":{"line":23,"column":55},"end":{"line":36,"column":1}},"line":23},"3":{"name":"(anonymous_3)","decl":{"start":{"line":26,"column":49},"end":{"line":26,"column":50}},"loc":{"start":{"line":26,"column":66},"end":{"line":28,"column":5}},"line":26},"4":{"name":"buildCacheKeys","decl":{"start":{"line":38,"column":9},"end":{"line":38,"column":23}},"loc":{"start":{"line":38,"column":47},"end":{"line":40,"column":1}},"line":38},"5":{"name":"buildUrl","decl":{"start":{"line":42,"column":9},"end":{"line":42,"column":17}},"loc":{"start":{"line":42,"column":39},"end":{"line":45,"column":1}},"line":42},"6":{"name":"getStorage","decl":{"start":{"line":48,"column":9},"end":{"line":48,"column":19}},"loc":{"start":{"line":48,"column":22},"end":{"line":53,"column":1}},"line":48},"7":{"name":"buildHeaders","decl":{"start":{"line":55,"column":9},"end":{"line":55,"column":21}},"loc":{"start":{"line":55,"column":39},"end":{"line":59,"column":1}},"line":55},"8":{"name":"saveToken","decl":{"start":{"line":61,"column":9},"end":{"line":61,"column":18}},"loc":{"start":{"line":61,"column":45},"end":{"line":64,"column":1}},"line":61},"9":{"name":"loadToken","decl":{"start":{"line":66,"column":9},"end":{"line":66,"column":18}},"loc":{"start":{"line":66,"column":38},"end":{"line":69,"column":1}},"line":66},"10":{"name":"formatStatusText","decl":{"start":{"line":71,"column":9},"end":{"line":71,"column":25}},"loc":{"start":{"line":71,"column":40},"end":{"line":75,"column":1}},"line":71},"11":{"name":"appendQueryParams","decl":{"start":{"line":77,"column":9},"end":{"line":77,"column":26}},"loc":{"start":{"line":77,"column":40},"end":{"line":82,"column":1}},"line":77},"12":{"name":"(anonymous_12)","decl":{"start":{"line":80,"column":41},"end":{"line":80,"column":42}},"loc":{"start":{"line":80,"column":53},"end":{"line":80,"column":112}},"line":80},"13":{"name":"parseAndCacheResponse","decl":{"start":{"line":85,"column":15},"end":{"line":85,"column":36}},"loc":{"start":{"line":85,"column":75},"end":{"line":120,"column":1}},"line":85},"14":{"name":"normalizeParsedResponse","decl":{"start":{"line":123,"column":11},"end":{"line":123,"column":34}},"loc":{"start":{"line":123,"column":43},"end":{"line":150,"column":3}},"line":123},"15":{"name":"parseRequestBody","decl":{"start":{"line":170,"column":9},"end":{"line":170,"column":25}},"loc":{"start":{"line":170,"column":32},"end":{"line":178,"column":1}},"line":170},"16":{"name":"serializeHistory","decl":{"start":{"line":181,"column":9},"end":{"line":181,"column":25}},"loc":{"start":{"line":181,"column":33},"end":{"line":183,"column":1}},"line":181},"17":{"name":"tokenBadgeText","decl":{"start":{"line":186,"column":9},"end":{"line":186,"column":23}},"loc":{"start":{"line":186,"column":40},"end":{"line":190,"column":1}},"line":186},"18":{"name":"buildRequest","decl":{"start":{"line":200,"column":9},"end":{"line":200,"column":21}},"loc":{"start":{"line":200,"column":115},"end":{"line":214,"column":1}},"line":200},"19":{"name":"(anonymous_19)","decl":{"start":{"line":204,"column":33},"end":{"line":204,"column":34}},"loc":{"start":{"line":204,"column":45},"end":{"line":206,"column":3}},"line":204},"20":{"name":"(anonymous_20)","decl":{"start":{"line":208,"column":71},"end":{"line":208,"column":72}},"loc":{"start":{"line":208,"column":80},"end":{"line":208,"column":108}},"line":208},"21":{"name":"buildEndpointOptions","decl":{"start":{"line":221,"column":9},"end":{"line":221,"column":29}},"loc":{"start":{"line":221,"column":54},"end":{"line":224,"column":1}},"line":221},"22":{"name":"(anonymous_22)","decl":{"start":{"line":223,"column":32},"end":{"line":223,"column":33}},"loc":{"start":{"line":223,"column":37},"end":{"line":223,"column":103}},"line":223},"23":{"name":"buildMethodOptions","decl":{"start":{"line":226,"column":9},"end":{"line":226,"column":27}},"loc":{"start":{"line":226,"column":51},"end":{"line":229,"column":1}},"line":226},"24":{"name":"(anonymous_24)","decl":{"start":{"line":228,"column":21},"end":{"line":228,"column":22}},"loc":{"start":{"line":228,"column":26},"end":{"line":228,"column":125}},"line":228},"25":{"name":"buildParamsHtml","decl":{"start":{"line":231,"column":9},"end":{"line":231,"column":24}},"loc":{"start":{"line":231,"column":37},"end":{"line":242,"column":1}},"line":231},"26":{"name":"(anonymous_26)","decl":{"start":{"line":234,"column":21},"end":{"line":234,"column":22}},"loc":{"start":{"line":234,"column":30},"end":{"line":240,"column":3}},"line":234},"27":{"name":"buildBodyHtml","decl":{"start":{"line":244,"column":9},"end":{"line":244,"column":22}},"loc":{"start":{"line":244,"column":36},"end":{"line":253,"column":1}},"line":244},"28":{"name":"renderAuthHtml","decl":{"start":{"line":255,"column":9},"end":{"line":255,"column":23}},"loc":{"start":{"line":255,"column":46},"end":{"line":262,"column":1}},"line":255},"29":{"name":"(anonymous_29)","decl":{"start":{"line":257,"column":54},"end":{"line":257,"column":55}},"loc":{"start":{"line":257,"column":61},"end":{"line":257,"column":143}},"line":257},"30":{"name":"buildHistoryOptions","decl":{"start":{"line":264,"column":9},"end":{"line":264,"column":28}},"loc":{"start":{"line":264,"column":38},"end":{"line":267,"column":1}},"line":264},"31":{"name":"(anonymous_31)","decl":{"start":{"line":266,"column":21},"end":{"line":266,"column":22}},"loc":{"start":{"line":266,"column":31},"end":{"line":266,"column":90}},"line":266},"32":{"name":"buildDarkToggle","decl":{"start":{"line":269,"column":9},"end":{"line":269,"column":24}},"loc":{"start":{"line":269,"column":35},"end":{"line":271,"column":1}},"line":269},"33":{"name":"buildResponseHtml","decl":{"start":{"line":282,"column":9},"end":{"line":282,"column":26}},"loc":{"start":{"line":282,"column":82},"end":{"line":294,"column":1}},"line":282},"34":{"name":"buildFormHtml","decl":{"start":{"line":300,"column":9},"end":{"line":300,"column":22}},"loc":{"start":{"line":300,"column":41},"end":{"line":370,"column":1}},"line":300},"35":{"name":"(anonymous_35)","decl":{"start":{"line":351,"column":63},"end":{"line":351,"column":64}},"loc":{"start":{"line":351,"column":68},"end":{"line":351,"column":139}},"line":351},"36":{"name":"getCachedResponse","decl":{"start":{"line":375,"column":9},"end":{"line":375,"column":26}},"loc":{"start":{"line":375,"column":59},"end":{"line":387,"column":1}},"line":375},"37":{"name":"saveCache","decl":{"start":{"line":389,"column":9},"end":{"line":389,"column":18}},"loc":{"start":{"line":389,"column":58},"end":{"line":398,"column":1}},"line":389},"38":{"name":"getOfflineCached","decl":{"start":{"line":406,"column":9},"end":{"line":406,"column":25}},"loc":{"start":{"line":406,"column":58},"end":{"line":422,"column":1}},"line":406},"39":{"name":"orchestrateFetch","decl":{"start":{"line":428,"column":15},"end":{"line":428,"column":31}},"loc":{"start":{"line":428,"column":82},"end":{"line":458,"column":1}},"line":428},"40":{"name":"fetchParseAndCache","decl":{"start":{"line":465,"column":15},"end":{"line":465,"column":33}},"loc":{"start":{"line":465,"column":89},"end":{"line":511,"column":1}},"line":465},"41":{"name":"collectFormValues","decl":{"start":{"line":517,"column":9},"end":{"line":517,"column":26}},"loc":{"start":{"line":517,"column":39},"end":{"line":528,"column":1}},"line":517},"42":{"name":"(anonymous_42)","decl":{"start":{"line":524,"column":33},"end":{"line":524,"column":34}},"loc":{"start":{"line":524,"column":47},"end":{"line":524,"column":78}},"line":524},"43":{"name":"calcReconnectDelay","decl":{"start":{"line":533,"column":9},"end":{"line":533,"column":27}},"loc":{"start":{"line":533,"column":63},"end":{"line":536,"column":1}},"line":533},"44":{"name":"attachWsHandlers","decl":{"start":{"line":538,"column":9},"end":{"line":538,"column":25}},"loc":{"start":{"line":538,"column":45},"end":{"line":549,"column":1}},"line":538},"45":{"name":"buildCopyText","decl":{"start":{"line":555,"column":9},"end":{"line":555,"column":22}},"loc":{"start":{"line":555,"column":53},"end":{"line":561,"column":1}},"line":555},"46":{"name":"parseHistoryEntry","decl":{"start":{"line":566,"column":9},"end":{"line":566,"column":26}},"loc":{"start":{"line":566,"column":34},"end":{"line":579,"column":1}},"line":566},"47":{"name":"limitHistory","decl":{"start":{"line":584,"column":9},"end":{"line":584,"column":21}},"loc":{"start":{"line":584,"column":51},"end":{"line":589,"column":1}},"line":584},"48":{"name":"formatFetchError","decl":{"start":{"line":592,"column":9},"end":{"line":592,"column":25}},"loc":{"start":{"line":592,"column":31},"end":{"line":595,"column":1}},"line":592}},"branchMap":{"0":{"loc":{"start":{"line":4,"column":2},"end":{"line":4,"column":42}},"type":"if","locations":[{"start":{"line":4,"column":2},"end":{"line":4,"column":42}},{"start":{},"end":{}}],"line":4},"1":{"loc":{"start":{"line":8,"column":38},"end":{"line":8,"column":54}},"type":"default-arg","locations":[{"start":{"line":8,"column":49},"end":{"line":8,"column":54}}],"line":8},"2":{"loc":{"start":{"line":9,"column":2},"end":{"line":9,"column":61}},"type":"if","locations":[{"start":{"line":9,"column":2},"end":{"line":9,"column":61}},{"start":{},"end":{}}],"line":9},"3":{"loc":{"start":{"line":10,"column":2},"end":{"line":13,"column":3}},"type":"if","locations":[{"start":{"line":10,"column":2},"end":{"line":13,"column":3}},{"start":{},"end":{}}],"line":10},"4":{"loc":{"start":{"line":23,"column":42},"end":{"line":23,"column":53}},"type":"default-arg","locations":[{"start":{"line":23,"column":51},"end":{"line":23,"column":53}}],"line":23},"5":{"loc":{"start":{"line":24,"column":2},"end":{"line":24,"column":25}},"type":"if","locations":[{"start":{"line":24,"column":2},"end":{"line":24,"column":25}},{"start":{},"end":{}}],"line":24},"6":{"loc":{"start":{"line":25,"column":2},"end":{"line":29,"column":3}},"type":"if","locations":[{"start":{"line":25,"column":2},"end":{"line":29,"column":3}},{"start":{},"end":{}}],"line":25},"7":{"loc":{"start":{"line":25,"column":6},"end":{"line":25,"column":51}},"type":"binary-expr","locations":[{"start":{"line":25,"column":6},"end":{"line":25,"column":30}},{"start":{"line":25,"column":34},"end":{"line":25,"column":51}}],"line":25},"8":{"loc":{"start":{"line":27,"column":44},"end":{"line":27,"column":77}},"type":"cond-expr","locations":[{"start":{"line":27,"column":53},"end":{"line":27,"column":71}},{"start":{"line":27,"column":74},"end":{"line":27,"column":77}}],"line":27},"9":{"loc":{"start":{"line":30,"column":2},"end":{"line":32,"column":3}},"type":"if","locations":[{"start":{"line":30,"column":2},"end":{"line":32,"column":3}},{"start":{},"end":{}}],"line":30},"10":{"loc":{"start":{"line":30,"column":6},"end":{"line":30,"column":45}},"type":"binary-expr","locations":[{"start":{"line":30,"column":6},"end":{"line":30,"column":29}},{"start":{"line":30,"column":33},"end":{"line":30,"column":45}}],"line":30},"11":{"loc":{"start":{"line":33,"column":15},"end":{"line":33,"column":75}},"type":"cond-expr","locations":[{"start":{"line":33,"column":43},"end":{"line":33,"column":51}},{"start":{"line":33,"column":54},"end":{"line":33,"column":75}}],"line":33},"12":{"loc":{"start":{"line":33,"column":54},"end":{"line":33,"column":75}},"type":"binary-expr","locations":[{"start":{"line":33,"column":54},"end":{"line":33,"column":65}},{"start":{"line":33,"column":69},"end":{"line":33,"column":75}}],"line":33},"13":{"loc":{"start":{"line":34,"column":14},"end":{"line":34,"column":64}},"type":"cond-expr","locations":[{"start":{"line":34,"column":45},"end":{"line":34,"column":59}},{"start":{"line":34,"column":62},"end":{"line":34,"column":64}}],"line":34},"14":{"loc":{"start":{"line":43,"column":2},"end":{"line":43,"column":34}},"type":"if","locations":[{"start":{"line":43,"column":2},"end":{"line":43,"column":34}},{"start":{},"end":{}}],"line":43},"15":{"loc":{"start":{"line":44,"column":9},"end":{"line":44,"column":119}},"type":"cond-expr","locations":[{"start":{"line":44,"column":63},"end":{"line":44,"column":96}},{"start":{"line":44,"column":99},"end":{"line":44,"column":119}}],"line":44},"16":{"loc":{"start":{"line":44,"column":9},"end":{"line":44,"column":60}},"type":"binary-expr","locations":[{"start":{"line":44,"column":9},"end":{"line":44,"column":32}},{"start":{"line":44,"column":36},"end":{"line":44,"column":60}}],"line":44},"17":{"loc":{"start":{"line":49,"column":2},"end":{"line":49,"column":99}},"type":"if","locations":[{"start":{"line":49,"column":2},"end":{"line":49,"column":99}},{"start":{},"end":{}}],"line":49},"18":{"loc":{"start":{"line":49,"column":6},"end":{"line":49,"column":66}},"type":"binary-expr","locations":[{"start":{"line":49,"column":6},"end":{"line":49,"column":39}},{"start":{"line":49,"column":43},"end":{"line":49,"column":66}}],"line":49},"19":{"loc":{"start":{"line":50,"column":2},"end":{"line":50,"column":87}},"type":"if","locations":[{"start":{"line":50,"column":2},"end":{"line":50,"column":87}},{"start":{},"end":{}}],"line":50},"20":{"loc":{"start":{"line":50,"column":6},"end":{"line":50,"column":58}},"type":"binary-expr","locations":[{"start":{"line":50,"column":6},"end":{"line":50,"column":35}},{"start":{"line":50,"column":39},"end":{"line":50,"column":58}}],"line":50},"21":{"loc":{"start":{"line":51,"column":2},"end":{"line":51,"column":63}},"type":"if","locations":[{"start":{"line":51,"column":2},"end":{"line":51,"column":63}},{"start":{},"end":{}}],"line":51},"22":{"loc":{"start":{"line":57,"column":2},"end":{"line":57,"column":83}},"type":"if","locations":[{"start":{"line":57,"column":2},"end":{"line":57,"column":83}},{"start":{},"end":{}}],"line":57},"23":{"loc":{"start":{"line":57,"column":6},"end":{"line":57,"column":36}},"type":"binary-expr","locations":[{"start":{"line":57,"column":6},"end":{"line":57,"column":27}},{"start":{"line":57,"column":31},"end":{"line":57,"column":36}}],"line":57},"24":{"loc":{"start":{"line":62,"column":2},"end":{"line":62,"column":29}},"type":"if","locations":[{"start":{"line":62,"column":2},"end":{"line":62,"column":29}},{"start":{},"end":{}}],"line":62},"25":{"loc":{"start":{"line":67,"column":2},"end":{"line":67,"column":28}},"type":"if","locations":[{"start":{"line":67,"column":2},"end":{"line":67,"column":28}},{"start":{},"end":{}}],"line":67},"26":{"loc":{"start":{"line":72,"column":21},"end":{"line":72,"column":56}},"type":"cond-expr","locations":[{"start":{"line":72,"column":30},"end":{"line":72,"column":51}},{"start":{"line":72,"column":54},"end":{"line":72,"column":56}}],"line":72},"27":{"loc":{"start":{"line":73,"column":2},"end":{"line":73,"column":31}},"type":"if","locations":[{"start":{"line":73,"column":2},"end":{"line":73,"column":31}},{"start":{},"end":{}}],"line":73},"28":{"loc":{"start":{"line":78,"column":2},"end":{"line":78,"column":92}},"type":"if","locations":[{"start":{"line":78,"column":2},"end":{"line":78,"column":92}},{"start":{},"end":{}}],"line":78},"29":{"loc":{"start":{"line":78,"column":6},"end":{"line":78,"column":79}},"type":"binary-expr","locations":[{"start":{"line":78,"column":6},"end":{"line":78,"column":13}},{"start":{"line":78,"column":17},"end":{"line":78,"column":43}},{"start":{"line":78,"column":47},"end":{"line":78,"column":79}}],"line":78},"30":{"loc":{"start":{"line":79,"column":12},"end":{"line":79,"column":41}},"type":"cond-expr","locations":[{"start":{"line":79,"column":32},"end":{"line":79,"column":35}},{"start":{"line":79,"column":38},"end":{"line":79,"column":41}}],"line":79},"31":{"loc":{"start":{"line":81,"column":14},"end":{"line":81,"column":41}},"type":"cond-expr","locations":[{"start":{"line":81,"column":32},"end":{"line":81,"column":35}},{"start":{"line":81,"column":38},"end":{"line":81,"column":41}}],"line":81},"32":{"loc":{"start":{"line":88,"column":24},"end":{"line":88,"column":128}},"type":"cond-expr","locations":[{"start":{"line":88,"column":84},"end":{"line":88,"column":122}},{"start":{"line":88,"column":126},"end":{"line":88,"column":128}}],"line":88},"33":{"loc":{"start":{"line":88,"column":25},"end":{"line":88,"column":79}},"type":"binary-expr","locations":[{"start":{"line":88,"column":25},"end":{"line":88,"column":37}},{"start":{"line":88,"column":41},"end":{"line":88,"column":79}}],"line":88},"34":{"loc":{"start":{"line":88,"column":84},"end":{"line":88,"column":122}},"type":"binary-expr","locations":[{"start":{"line":88,"column":84},"end":{"line":88,"column":116}},{"start":{"line":88,"column":120},"end":{"line":88,"column":122}}],"line":88},"35":{"loc":{"start":{"line":89,"column":4},"end":{"line":113,"column":5}},"type":"if","locations":[{"start":{"line":89,"column":4},"end":{"line":113,"column":5}},{"start":{"line":102,"column":11},"end":{"line":113,"column":5}}],"line":89},"36":{"loc":{"start":{"line":95,"column":6},"end":{"line":99,"column":7}},"type":"if","locations":[{"start":{"line":95,"column":6},"end":{"line":99,"column":7}},{"start":{},"end":{}}],"line":95},"37":{"loc":{"start":{"line":104,"column":20},"end":{"line":104,"column":91}},"type":"cond-expr","locations":[{"start":{"line":104,"column":42},"end":{"line":104,"column":84}},{"start":{"line":104,"column":87},"end":{"line":104,"column":91}}],"line":104},"38":{"loc":{"start":{"line":107,"column":6},"end":{"line":111,"column":7}},"type":"if","locations":[{"start":{"line":107,"column":6},"end":{"line":111,"column":7}},{"start":{},"end":{}}],"line":107},"39":{"loc":{"start":{"line":125,"column":4},"end":{"line":125,"column":28}},"type":"if","locations":[{"start":{"line":125,"column":4},"end":{"line":125,"column":28}},{"start":{},"end":{}}],"line":125},"40":{"loc":{"start":{"line":127,"column":4},"end":{"line":132,"column":5}},"type":"if","locations":[{"start":{"line":127,"column":4},"end":{"line":132,"column":5}},{"start":{},"end":{}}],"line":127},"41":{"loc":{"start":{"line":128,"column":18},"end":{"line":128,"column":102}},"type":"cond-expr","locations":[{"start":{"line":128,"column":59},"end":{"line":128,"column":79}},{"start":{"line":128,"column":82},"end":{"line":128,"column":102}}],"line":128},"42":{"loc":{"start":{"line":128,"column":19},"end":{"line":128,"column":55}},"type":"binary-expr","locations":[{"start":{"line":128,"column":19},"end":{"line":128,"column":31}},{"start":{"line":128,"column":35},"end":{"line":128,"column":55}}],"line":128},"43":{"loc":{"start":{"line":134,"column":18},"end":{"line":134,"column":81}},"type":"cond-expr","locations":[{"start":{"line":134,"column":60},"end":{"line":134,"column":74}},{"start":{"line":134,"column":77},"end":{"line":134,"column":81}}],"line":134},"44":{"loc":{"start":{"line":135,"column":18},"end":{"line":135,"column":97}},"type":"cond-expr","locations":[{"start":{"line":135,"column":57},"end":{"line":135,"column":71}},{"start":{"line":135,"column":75},"end":{"line":135,"column":96}}],"line":135},"45":{"loc":{"start":{"line":135,"column":75},"end":{"line":135,"column":96}},"type":"cond-expr","locations":[{"start":{"line":135,"column":89},"end":{"line":135,"column":91}},{"start":{"line":135,"column":94},"end":{"line":135,"column":96}}],"line":135},"46":{"loc":{"start":{"line":136,"column":21},"end":{"line":136,"column":90}},"type":"cond-expr","locations":[{"start":{"line":136,"column":66},"end":{"line":136,"column":83}},{"start":{"line":136,"column":86},"end":{"line":136,"column":90}}],"line":136},"47":{"loc":{"start":{"line":138,"column":4},"end":{"line":142,"column":5}},"type":"if","locations":[{"start":{"line":138,"column":4},"end":{"line":142,"column":5}},{"start":{},"end":{}}],"line":138},"48":{"loc":{"start":{"line":138,"column":8},"end":{"line":138,"column":78}},"type":"binary-expr","locations":[{"start":{"line":138,"column":8},"end":{"line":138,"column":39}},{"start":{"line":138,"column":43},"end":{"line":138,"column":78}}],"line":138},"49":{"loc":{"start":{"line":144,"column":4},"end":{"line":148,"column":5}},"type":"if","locations":[{"start":{"line":144,"column":4},"end":{"line":148,"column":5}},{"start":{"line":146,"column":11},"end":{"line":148,"column":5}}],"line":144},"50":{"loc":{"start":{"line":146,"column":11},"end":{"line":148,"column":5}},"type":"if","locations":[{"start":{"line":146,"column":11},"end":{"line":148,"column":5}},{"start":{},"end":{}}],"line":146},"51":{"loc":{"start":{"line":171,"column":2},"end":{"line":171,"column":45}},"type":"if","locations":[{"start":{"line":171,"column":2},"end":{"line":171,"column":45}},{"start":{},"end":{}}],"line":171},"52":{"loc":{"start":{"line":187,"column":2},"end":{"line":187,"column":52}},"type":"if","locations":[{"start":{"line":187,"column":2},"end":{"line":187,"column":52}},{"start":{},"end":{}}],"line":187},"53":{"loc":{"start":{"line":188,"column":2},"end":{"line":188,"column":91}},"type":"if","locations":[{"start":{"line":188,"column":2},"end":{"line":188,"column":91}},{"start":{},"end":{}}],"line":188},"54":{"loc":{"start":{"line":197,"column":0},"end":{"line":197,"column":116}},"type":"if","locations":[{"start":{"line":197,"column":0},"end":{"line":197,"column":116}},{"start":{},"end":{}}],"line":197},"55":{"loc":{"start":{"line":200,"column":56},"end":{"line":200,"column":67}},"type":"default-arg","locations":[{"start":{"line":200,"column":65},"end":{"line":200,"column":67}}],"line":200},"56":{"loc":{"start":{"line":200,"column":69},"end":{"line":200,"column":82}},"type":"default-arg","locations":[{"start":{"line":200,"column":80},"end":{"line":200,"column":82}}],"line":200},"57":{"loc":{"start":{"line":200,"column":84},"end":{"line":200,"column":101}},"type":"default-arg","locations":[{"start":{"line":200,"column":95},"end":{"line":200,"column":101}}],"line":200},"58":{"loc":{"start":{"line":200,"column":103},"end":{"line":200,"column":113}},"type":"default-arg","locations":[{"start":{"line":200,"column":111},"end":{"line":200,"column":113}}],"line":200},"59":{"loc":{"start":{"line":201,"column":20},"end":{"line":201,"column":99}},"type":"cond-expr","locations":[{"start":{"line":201,"column":73},"end":{"line":201,"column":94}},{"start":{"line":201,"column":97},"end":{"line":201,"column":99}}],"line":201},"60":{"loc":{"start":{"line":201,"column":20},"end":{"line":201,"column":70}},"type":"binary-expr","locations":[{"start":{"line":201,"column":20},"end":{"line":201,"column":49}},{"start":{"line":201,"column":53},"end":{"line":201,"column":70}}],"line":201},"61":{"loc":{"start":{"line":205,"column":4},"end":{"line":205,"column":68}},"type":"if","locations":[{"start":{"line":205,"column":4},"end":{"line":205,"column":68}},{"start":{},"end":{}}],"line":205},"62":{"loc":{"start":{"line":212,"column":43},"end":{"line":212,"column":104}},"type":"cond-expr","locations":[{"start":{"line":212,"column":70},"end":{"line":212,"column":97}},{"start":{"line":212,"column":100},"end":{"line":212,"column":104}}],"line":212},"63":{"loc":{"start":{"line":212,"column":43},"end":{"line":212,"column":67}},"type":"binary-expr","locations":[{"start":{"line":212,"column":43},"end":{"line":212,"column":52}},{"start":{"line":212,"column":56},"end":{"line":212,"column":67}}],"line":212},"64":{"loc":{"start":{"line":222,"column":2},"end":{"line":222,"column":24}},"type":"if","locations":[{"start":{"line":222,"column":2},"end":{"line":222,"column":24}},{"start":{},"end":{}}],"line":222},"65":{"loc":{"start":{"line":223,"column":48},"end":{"line":223,"column":87}},"type":"cond-expr","locations":[{"start":{"line":223,"column":72},"end":{"line":223,"column":82}},{"start":{"line":223,"column":85},"end":{"line":223,"column":87}}],"line":223},"66":{"loc":{"start":{"line":227,"column":2},"end":{"line":227,"column":50}},"type":"if","locations":[{"start":{"line":227,"column":2},"end":{"line":227,"column":50}},{"start":{},"end":{}}],"line":227},"67":{"loc":{"start":{"line":227,"column":6},"end":{"line":227,"column":38}},"type":"binary-expr","locations":[{"start":{"line":227,"column":6},"end":{"line":227,"column":14}},{"start":{"line":227,"column":18},"end":{"line":227,"column":38}}],"line":227},"68":{"loc":{"start":{"line":228,"column":37},"end":{"line":228,"column":109}},"type":"cond-expr","locations":[{"start":{"line":228,"column":94},"end":{"line":228,"column":104}},{"start":{"line":228,"column":107},"end":{"line":228,"column":109}}],"line":228},"69":{"loc":{"start":{"line":228,"column":58},"end":{"line":228,"column":76}},"type":"binary-expr","locations":[{"start":{"line":228,"column":58},"end":{"line":228,"column":70}},{"start":{"line":228,"column":74},"end":{"line":228,"column":76}}],"line":228},"70":{"loc":{"start":{"line":232,"column":2},"end":{"line":232,"column":59}},"type":"if","locations":[{"start":{"line":232,"column":2},"end":{"line":232,"column":59}},{"start":{},"end":{}}],"line":232},"71":{"loc":{"start":{"line":232,"column":6},"end":{"line":232,"column":47}},"type":"binary-expr","locations":[{"start":{"line":232,"column":6},"end":{"line":232,"column":17}},{"start":{"line":232,"column":21},"end":{"line":232,"column":47}}],"line":232},"72":{"loc":{"start":{"line":235,"column":4},"end":{"line":239,"column":5}},"type":"if","locations":[{"start":{"line":235,"column":4},"end":{"line":239,"column":5}},{"start":{},"end":{}}],"line":235},"73":{"loc":{"start":{"line":235,"column":8},"end":{"line":235,"column":51}},"type":"binary-expr","locations":[{"start":{"line":235,"column":8},"end":{"line":235,"column":28}},{"start":{"line":235,"column":32},"end":{"line":235,"column":51}}],"line":235},"74":{"loc":{"start":{"line":236,"column":16},"end":{"line":236,"column":68}},"type":"cond-expr","locations":[{"start":{"line":236,"column":51},"end":{"line":236,"column":59}},{"start":{"line":236,"column":62},"end":{"line":236,"column":68}}],"line":236},"75":{"loc":{"start":{"line":237,"column":18},"end":{"line":237,"column":45}},"type":"binary-expr","locations":[{"start":{"line":237,"column":18},"end":{"line":237,"column":39}},{"start":{"line":237,"column":43},"end":{"line":237,"column":45}}],"line":237},"76":{"loc":{"start":{"line":238,"column":38},"end":{"line":238,"column":66}},"type":"binary-expr","locations":[{"start":{"line":238,"column":38},"end":{"line":238,"column":56}},{"start":{"line":238,"column":60},"end":{"line":238,"column":66}}],"line":238},"77":{"loc":{"start":{"line":245,"column":2},"end":{"line":245,"column":98}},"type":"if","locations":[{"start":{"line":245,"column":2},"end":{"line":245,"column":98}},{"start":{},"end":{}}],"line":245},"78":{"loc":{"start":{"line":245,"column":6},"end":{"line":245,"column":86}},"type":"binary-expr","locations":[{"start":{"line":245,"column":6},"end":{"line":245,"column":18}},{"start":{"line":245,"column":22},"end":{"line":245,"column":42}},{"start":{"line":245,"column":46},"end":{"line":245,"column":86}}],"line":245},"79":{"loc":{"start":{"line":247,"column":33},"end":{"line":247,"column":53}},"type":"binary-expr","locations":[{"start":{"line":247,"column":33},"end":{"line":247,"column":47}},{"start":{"line":247,"column":51},"end":{"line":247,"column":53}}],"line":247},"80":{"loc":{"start":{"line":251,"column":2},"end":{"line":251,"column":54}},"type":"if","locations":[{"start":{"line":251,"column":2},"end":{"line":251,"column":54}},{"start":{},"end":{}}],"line":251},"81":{"loc":{"start":{"line":255,"column":30},"end":{"line":255,"column":44}},"type":"default-arg","locations":[{"start":{"line":255,"column":42},"end":{"line":255,"column":44}}],"line":255},"82":{"loc":{"start":{"line":256,"column":26},"end":{"line":256,"column":65}},"type":"binary-expr","locations":[{"start":{"line":256,"column":26},"end":{"line":256,"column":59}},{"start":{"line":256,"column":63},"end":{"line":256,"column":65}}],"line":256},"83":{"loc":{"start":{"line":257,"column":61},"end":{"line":257,"column":143}},"type":"binary-expr","locations":[{"start":{"line":257,"column":61},"end":{"line":257,"column":98}},{"start":{"line":257,"column":102},"end":{"line":257,"column":143}}],"line":257},"84":{"loc":{"start":{"line":258,"column":22},"end":{"line":258,"column":51}},"type":"cond-expr","locations":[{"start":{"line":258,"column":34},"end":{"line":258,"column":42}},{"start":{"line":258,"column":45},"end":{"line":258,"column":51}}],"line":258},"85":{"loc":{"start":{"line":259,"column":20},"end":{"line":259,"column":79}},"type":"binary-expr","locations":[{"start":{"line":259,"column":20},"end":{"line":259,"column":51}},{"start":{"line":259,"column":55},"end":{"line":259,"column":79}}],"line":259},"86":{"loc":{"start":{"line":260,"column":22},"end":{"line":260,"column":79}},"type":"cond-expr","locations":[{"start":{"line":260,"column":40},"end":{"line":260,"column":74}},{"start":{"line":260,"column":77},"end":{"line":260,"column":79}}],"line":260},"87":{"loc":{"start":{"line":261,"column":29},"end":{"line":261,"column":67}},"type":"cond-expr","locations":[{"start":{"line":261,"column":56},"end":{"line":261,"column":62}},{"start":{"line":261,"column":65},"end":{"line":261,"column":67}}],"line":261},"88":{"loc":{"start":{"line":261,"column":258},"end":{"line":261,"column":300}},"type":"cond-expr","locations":[{"start":{"line":261,"column":285},"end":{"line":261,"column":295}},{"start":{"line":261,"column":298},"end":{"line":261,"column":300}}],"line":261},"89":{"loc":{"start":{"line":261,"column":393},"end":{"line":261,"column":421}},"type":"cond-expr","locations":[{"start":{"line":261,"column":405},"end":{"line":261,"column":412}},{"start":{"line":261,"column":415},"end":{"line":261,"column":421}}],"line":261},"90":{"loc":{"start":{"line":261,"column":1006},"end":{"line":261,"column":1045}},"type":"cond-expr","locations":[{"start":{"line":261,"column":1031},"end":{"line":261,"column":1040}},{"start":{"line":261,"column":1043},"end":{"line":261,"column":1045}}],"line":261},"91":{"loc":{"start":{"line":265,"column":2},"end":{"line":265,"column":53}},"type":"if","locations":[{"start":{"line":265,"column":2},"end":{"line":265,"column":53}},{"start":{},"end":{}}],"line":265},"92":{"loc":{"start":{"line":265,"column":6},"end":{"line":265,"column":41}},"type":"binary-expr","locations":[{"start":{"line":265,"column":6},"end":{"line":265,"column":14}},{"start":{"line":265,"column":18},"end":{"line":265,"column":41}}],"line":265},"93":{"loc":{"start":{"line":270,"column":67},"end":{"line":270,"column":89}},"type":"cond-expr","locations":[{"start":{"line":270,"column":78},"end":{"line":270,"column":82}},{"start":{"line":270,"column":85},"end":{"line":270,"column":89}}],"line":270},"94":{"loc":{"start":{"line":282,"column":57},"end":{"line":282,"column":80}},"type":"default-arg","locations":[{"start":{"line":282,"column":76},"end":{"line":282,"column":80}}],"line":282},"95":{"loc":{"start":{"line":283,"column":21},"end":{"line":283,"column":64}},"type":"cond-expr","locations":[{"start":{"line":283,"column":34},"end":{"line":283,"column":59}},{"start":{"line":283,"column":62},"end":{"line":283,"column":64}}],"line":283},"96":{"loc":{"start":{"line":284,"column":2},"end":{"line":291,"column":3}},"type":"if","locations":[{"start":{"line":284,"column":2},"end":{"line":291,"column":3}},{"start":{},"end":{}}],"line":284},"97":{"loc":{"start":{"line":284,"column":6},"end":{"line":284,"column":56}},"type":"binary-expr","locations":[{"start":{"line":284,"column":6},"end":{"line":284,"column":22}},{"start":{"line":284,"column":26},"end":{"line":284,"column":56}}],"line":284},"98":{"loc":{"start":{"line":286,"column":4},"end":{"line":289,"column":5}},"type":"if","locations":[{"start":{"line":286,"column":4},"end":{"line":289,"column":5}},{"start":{},"end":{}}],"line":286},"99":{"loc":{"start":{"line":286,"column":8},"end":{"line":286,"column":69}},"type":"binary-expr","locations":[{"start":{"line":286,"column":8},"end":{"line":286,"column":24}},{"start":{"line":286,"column":28},"end":{"line":286,"column":69}}],"line":286},"100":{"loc":{"start":{"line":292,"column":2},"end":{"line":292,"column":90}},"type":"if","locations":[{"start":{"line":292,"column":2},"end":{"line":292,"column":90}},{"start":{},"end":{}}],"line":292},"101":{"loc":{"start":{"line":300,"column":29},"end":{"line":300,"column":39}},"type":"default-arg","locations":[{"start":{"line":300,"column":37},"end":{"line":300,"column":39}}],"line":300},"102":{"loc":{"start":{"line":301,"column":26},"end":{"line":301,"column":53}},"type":"binary-expr","locations":[{"start":{"line":301,"column":26},"end":{"line":301,"column":47}},{"start":{"line":301,"column":51},"end":{"line":301,"column":53}}],"line":301},"103":{"loc":{"start":{"line":302,"column":21},"end":{"line":302,"column":43}},"type":"binary-expr","locations":[{"start":{"line":302,"column":21},"end":{"line":302,"column":37}},{"start":{"line":302,"column":41},"end":{"line":302,"column":43}}],"line":302},"104":{"loc":{"start":{"line":303,"column":19},"end":{"line":303,"column":39}},"type":"binary-expr","locations":[{"start":{"line":303,"column":19},"end":{"line":303,"column":33}},{"start":{"line":303,"column":37},"end":{"line":303,"column":39}}],"line":303},"105":{"loc":{"start":{"line":304,"column":19},"end":{"line":304,"column":39}},"type":"binary-expr","locations":[{"start":{"line":304,"column":19},"end":{"line":304,"column":33}},{"start":{"line":304,"column":37},"end":{"line":304,"column":39}}],"line":304},"106":{"loc":{"start":{"line":305,"column":25},"end":{"line":305,"column":51}},"type":"binary-expr","locations":[{"start":{"line":305,"column":25},"end":{"line":305,"column":45}},{"start":{"line":305,"column":49},"end":{"line":305,"column":51}}],"line":305},"107":{"loc":{"start":{"line":306,"column":21},"end":{"line":306,"column":43}},"type":"binary-expr","locations":[{"start":{"line":306,"column":21},"end":{"line":306,"column":37}},{"start":{"line":306,"column":41},"end":{"line":306,"column":43}}],"line":306},"108":{"loc":{"start":{"line":307,"column":18},"end":{"line":307,"column":64}},"type":"binary-expr","locations":[{"start":{"line":307,"column":18},"end":{"line":307,"column":31}},{"start":{"line":307,"column":35},"end":{"line":307,"column":64}}],"line":307},"109":{"loc":{"start":{"line":308,"column":17},"end":{"line":308,"column":38}},"type":"binary-expr","locations":[{"start":{"line":308,"column":17},"end":{"line":308,"column":29}},{"start":{"line":308,"column":33},"end":{"line":308,"column":38}}],"line":308},"110":{"loc":{"start":{"line":309,"column":27},"end":{"line":309,"column":66}},"type":"cond-expr","locations":[{"start":{"line":309,"column":52},"end":{"line":309,"column":61}},{"start":{"line":309,"column":64},"end":{"line":309,"column":66}}],"line":309},"111":{"loc":{"start":{"line":351,"column":79},"end":{"line":351,"column":123}},"type":"cond-expr","locations":[{"start":{"line":351,"column":108},"end":{"line":351,"column":118}},{"start":{"line":351,"column":121},"end":{"line":351,"column":123}}],"line":351},"112":{"loc":{"start":{"line":376,"column":2},"end":{"line":376,"column":28}},"type":"if","locations":[{"start":{"line":376,"column":2},"end":{"line":376,"column":28}},{"start":{},"end":{}}],"line":376},"113":{"loc":{"start":{"line":378,"column":17},"end":{"line":378,"column":163}},"type":"cond-expr","locations":[{"start":{"line":378,"column":58},"end":{"line":378,"column":95}},{"start":{"line":378,"column":98},"end":{"line":378,"column":163}}],"line":378},"114":{"loc":{"start":{"line":381,"column":6},"end":{"line":381,"column":22}},"type":"if","locations":[{"start":{"line":381,"column":6},"end":{"line":381,"column":22}},{"start":{},"end":{}}],"line":381},"115":{"loc":{"start":{"line":390,"column":2},"end":{"line":390,"column":29}},"type":"if","locations":[{"start":{"line":390,"column":2},"end":{"line":390,"column":29}},{"start":{},"end":{}}],"line":390},"116":{"loc":{"start":{"line":392,"column":17},"end":{"line":392,"column":163}},"type":"cond-expr","locations":[{"start":{"line":392,"column":58},"end":{"line":392,"column":95}},{"start":{"line":392,"column":98},"end":{"line":392,"column":163}}],"line":392},"117":{"loc":{"start":{"line":407,"column":2},"end":{"line":407,"column":28}},"type":"if","locations":[{"start":{"line":407,"column":2},"end":{"line":407,"column":28}},{"start":{},"end":{}}],"line":407},"118":{"loc":{"start":{"line":409,"column":17},"end":{"line":409,"column":163}},"type":"cond-expr","locations":[{"start":{"line":409,"column":58},"end":{"line":409,"column":95}},{"start":{"line":409,"column":98},"end":{"line":409,"column":163}}],"line":409},"119":{"loc":{"start":{"line":413,"column":8},"end":{"line":413,"column":24}},"type":"if","locations":[{"start":{"line":413,"column":8},"end":{"line":413,"column":24}},{"start":{},"end":{}}],"line":413},"120":{"loc":{"start":{"line":429,"column":2},"end":{"line":429,"column":78}},"type":"if","locations":[{"start":{"line":429,"column":2},"end":{"line":429,"column":78}},{"start":{},"end":{}}],"line":429},"121":{"loc":{"start":{"line":432,"column":4},"end":{"line":432,"column":90}},"type":"if","locations":[{"start":{"line":432,"column":4},"end":{"line":432,"column":90}},{"start":{},"end":{}}],"line":432},"122":{"loc":{"start":{"line":432,"column":8},"end":{"line":432,"column":51}},"type":"binary-expr","locations":[{"start":{"line":432,"column":8},"end":{"line":432,"column":13}},{"start":{"line":432,"column":17},"end":{"line":432,"column":51}}],"line":432},"123":{"loc":{"start":{"line":433,"column":4},"end":{"line":436,"column":5}},"type":"if","locations":[{"start":{"line":433,"column":4},"end":{"line":436,"column":5}},{"start":{},"end":{}}],"line":433},"124":{"loc":{"start":{"line":438,"column":24},"end":{"line":438,"column":128}},"type":"cond-expr","locations":[{"start":{"line":438,"column":84},"end":{"line":438,"column":122}},{"start":{"line":438,"column":126},"end":{"line":438,"column":128}}],"line":438},"125":{"loc":{"start":{"line":438,"column":25},"end":{"line":438,"column":79}},"type":"binary-expr","locations":[{"start":{"line":438,"column":25},"end":{"line":438,"column":37}},{"start":{"line":438,"column":41},"end":{"line":438,"column":79}}],"line":438},"126":{"loc":{"start":{"line":438,"column":84},"end":{"line":438,"column":122}},"type":"binary-expr","locations":[{"start":{"line":438,"column":84},"end":{"line":438,"column":116}},{"start":{"line":438,"column":120},"end":{"line":438,"column":122}}],"line":438},"127":{"loc":{"start":{"line":439,"column":4},"end":{"line":447,"column":5}},"type":"if","locations":[{"start":{"line":439,"column":4},"end":{"line":447,"column":5}},{"start":{},"end":{}}],"line":439},"128":{"loc":{"start":{"line":442,"column":6},"end":{"line":445,"column":7}},"type":"if","locations":[{"start":{"line":442,"column":6},"end":{"line":445,"column":7}},{"start":{},"end":{}}],"line":442},"129":{"loc":{"start":{"line":443,"column":21},"end":{"line":443,"column":137}},"type":"cond-expr","locations":[{"start":{"line":443,"column":62},"end":{"line":443,"column":99}},{"start":{"line":443,"column":102},"end":{"line":443,"column":137}}],"line":443},"130":{"loc":{"start":{"line":449,"column":18},"end":{"line":449,"column":89}},"type":"cond-expr","locations":[{"start":{"line":449,"column":40},"end":{"line":449,"column":82}},{"start":{"line":449,"column":85},"end":{"line":449,"column":89}}],"line":449},"131":{"loc":{"start":{"line":450,"column":4},"end":{"line":453,"column":5}},"type":"if","locations":[{"start":{"line":450,"column":4},"end":{"line":453,"column":5}},{"start":{},"end":{}}],"line":450},"132":{"loc":{"start":{"line":451,"column":19},"end":{"line":451,"column":135}},"type":"cond-expr","locations":[{"start":{"line":451,"column":60},"end":{"line":451,"column":97}},{"start":{"line":451,"column":100},"end":{"line":451,"column":135}}],"line":451},"133":{"loc":{"start":{"line":456,"column":20},"end":{"line":456,"column":42}},"type":"binary-expr","locations":[{"start":{"line":456,"column":20},"end":{"line":456,"column":29}},{"start":{"line":456,"column":33},"end":{"line":456,"column":42}}],"line":456},"134":{"loc":{"start":{"line":465,"column":75},"end":{"line":465,"column":87}},"type":"default-arg","locations":[{"start":{"line":465,"column":85},"end":{"line":465,"column":87}}],"line":465},"135":{"loc":{"start":{"line":466,"column":2},"end":{"line":466,"column":78}},"type":"if","locations":[{"start":{"line":466,"column":2},"end":{"line":466,"column":78}},{"start":{},"end":{}}],"line":466},"136":{"loc":{"start":{"line":469,"column":4},"end":{"line":469,"column":90}},"type":"if","locations":[{"start":{"line":469,"column":4},"end":{"line":469,"column":90}},{"start":{},"end":{}}],"line":469},"137":{"loc":{"start":{"line":469,"column":8},"end":{"line":469,"column":51}},"type":"binary-expr","locations":[{"start":{"line":469,"column":8},"end":{"line":469,"column":13}},{"start":{"line":469,"column":17},"end":{"line":469,"column":51}}],"line":469},"138":{"loc":{"start":{"line":470,"column":24},"end":{"line":470,"column":128}},"type":"cond-expr","locations":[{"start":{"line":470,"column":84},"end":{"line":470,"column":122}},{"start":{"line":470,"column":126},"end":{"line":470,"column":128}}],"line":470},"139":{"loc":{"start":{"line":470,"column":25},"end":{"line":470,"column":79}},"type":"binary-expr","locations":[{"start":{"line":470,"column":25},"end":{"line":470,"column":37}},{"start":{"line":470,"column":41},"end":{"line":470,"column":79}}],"line":470},"140":{"loc":{"start":{"line":470,"column":84},"end":{"line":470,"column":122}},"type":"binary-expr","locations":[{"start":{"line":470,"column":84},"end":{"line":470,"column":116}},{"start":{"line":470,"column":120},"end":{"line":470,"column":122}}],"line":470},"141":{"loc":{"start":{"line":471,"column":4},"end":{"line":489,"column":5}},"type":"if","locations":[{"start":{"line":471,"column":4},"end":{"line":489,"column":5}},{"start":{},"end":{}}],"line":471},"142":{"loc":{"start":{"line":475,"column":21},"end":{"line":475,"column":137}},"type":"cond-expr","locations":[{"start":{"line":475,"column":62},"end":{"line":475,"column":99}},{"start":{"line":475,"column":102},"end":{"line":475,"column":137}}],"line":475},"143":{"loc":{"start":{"line":478,"column":10},"end":{"line":481,"column":11}},"type":"if","locations":[{"start":{"line":478,"column":10},"end":{"line":481,"column":11}},{"start":{},"end":{}}],"line":478},"144":{"loc":{"start":{"line":478,"column":14},"end":{"line":478,"column":62}},"type":"binary-expr","locations":[{"start":{"line":478,"column":14},"end":{"line":478,"column":21}},{"start":{"line":478,"column":25},"end":{"line":478,"column":62}}],"line":478},"145":{"loc":{"start":{"line":493,"column":20},"end":{"line":493,"column":91}},"type":"cond-expr","locations":[{"start":{"line":493,"column":42},"end":{"line":493,"column":84}},{"start":{"line":493,"column":87},"end":{"line":493,"column":91}}],"line":493},"146":{"loc":{"start":{"line":494,"column":19},"end":{"line":494,"column":135}},"type":"cond-expr","locations":[{"start":{"line":494,"column":60},"end":{"line":494,"column":97}},{"start":{"line":494,"column":100},"end":{"line":494,"column":135}}],"line":494},"147":{"loc":{"start":{"line":497,"column":8},"end":{"line":500,"column":9}},"type":"if","locations":[{"start":{"line":497,"column":8},"end":{"line":500,"column":9}},{"start":{},"end":{}}],"line":497},"148":{"loc":{"start":{"line":497,"column":12},"end":{"line":497,"column":60}},"type":"binary-expr","locations":[{"start":{"line":497,"column":12},"end":{"line":497,"column":19}},{"start":{"line":497,"column":23},"end":{"line":497,"column":60}}],"line":497},"149":{"loc":{"start":{"line":509,"column":20},"end":{"line":509,"column":58}},"type":"cond-expr","locations":[{"start":{"line":509,"column":37},"end":{"line":509,"column":46}},{"start":{"line":509,"column":49},"end":{"line":509,"column":58}}],"line":509},"150":{"loc":{"start":{"line":509,"column":20},"end":{"line":509,"column":34}},"type":"binary-expr","locations":[{"start":{"line":509,"column":20},"end":{"line":509,"column":21}},{"start":{"line":509,"column":25},"end":{"line":509,"column":34}}],"line":509},"151":{"loc":{"start":{"line":518,"column":2},"end":{"line":518,"column":84}},"type":"if","locations":[{"start":{"line":518,"column":2},"end":{"line":518,"column":84}},{"start":{},"end":{}}],"line":518},"152":{"loc":{"start":{"line":521,"column":17},"end":{"line":521,"column":61}},"type":"cond-expr","locations":[{"start":{"line":521,"column":29},"end":{"line":521,"column":52}},{"start":{"line":521,"column":56},"end":{"line":521,"column":61}}],"line":521},"153":{"loc":{"start":{"line":521,"column":29},"end":{"line":521,"column":52}},"type":"binary-expr","locations":[{"start":{"line":521,"column":29},"end":{"line":521,"column":43}},{"start":{"line":521,"column":47},"end":{"line":521,"column":52}}],"line":521},"154":{"loc":{"start":{"line":522,"column":19},"end":{"line":522,"column":61}},"type":"cond-expr","locations":[{"start":{"line":522,"column":33},"end":{"line":522,"column":55}},{"start":{"line":522,"column":59},"end":{"line":522,"column":61}}],"line":522},"155":{"loc":{"start":{"line":522,"column":33},"end":{"line":522,"column":55}},"type":"binary-expr","locations":[{"start":{"line":522,"column":33},"end":{"line":522,"column":49}},{"start":{"line":522,"column":53},"end":{"line":522,"column":55}}],"line":522},"156":{"loc":{"start":{"line":526,"column":19},"end":{"line":526,"column":53}},"type":"cond-expr","locations":[{"start":{"line":526,"column":29},"end":{"line":526,"column":47}},{"start":{"line":526,"column":51},"end":{"line":526,"column":53}}],"line":526},"157":{"loc":{"start":{"line":526,"column":29},"end":{"line":526,"column":47}},"type":"binary-expr","locations":[{"start":{"line":526,"column":29},"end":{"line":526,"column":41}},{"start":{"line":526,"column":45},"end":{"line":526,"column":47}}],"line":526},"158":{"loc":{"start":{"line":533,"column":37},"end":{"line":533,"column":48}},"type":"default-arg","locations":[{"start":{"line":533,"column":44},"end":{"line":533,"column":48}}],"line":533},"159":{"loc":{"start":{"line":533,"column":50},"end":{"line":533,"column":61}},"type":"default-arg","locations":[{"start":{"line":533,"column":56},"end":{"line":533,"column":61}}],"line":533},"160":{"loc":{"start":{"line":535,"column":9},"end":{"line":535,"column":34}},"type":"cond-expr","locations":[{"start":{"line":535,"column":23},"end":{"line":535,"column":26}},{"start":{"line":535,"column":29},"end":{"line":535,"column":34}}],"line":535},"161":{"loc":{"start":{"line":538,"column":30},"end":{"line":538,"column":43}},"type":"default-arg","locations":[{"start":{"line":538,"column":41},"end":{"line":538,"column":43}}],"line":538},"162":{"loc":{"start":{"line":539,"column":2},"end":{"line":539,"column":24}},"type":"if","locations":[{"start":{"line":539,"column":2},"end":{"line":539,"column":24}},{"start":{},"end":{}}],"line":539},"163":{"loc":{"start":{"line":541,"column":4},"end":{"line":541,"column":75}},"type":"if","locations":[{"start":{"line":541,"column":4},"end":{"line":541,"column":75}},{"start":{},"end":{}}],"line":541},"164":{"loc":{"start":{"line":542,"column":4},"end":{"line":542,"column":84}},"type":"if","locations":[{"start":{"line":542,"column":4},"end":{"line":542,"column":84}},{"start":{},"end":{}}],"line":542},"165":{"loc":{"start":{"line":543,"column":4},"end":{"line":543,"column":78}},"type":"if","locations":[{"start":{"line":543,"column":4},"end":{"line":543,"column":78}},{"start":{},"end":{}}],"line":543},"166":{"loc":{"start":{"line":544,"column":4},"end":{"line":544,"column":78}},"type":"if","locations":[{"start":{"line":544,"column":4},"end":{"line":544,"column":78}},{"start":{},"end":{}}],"line":544},"167":{"loc":{"start":{"line":557,"column":2},"end":{"line":557,"column":52}},"type":"if","locations":[{"start":{"line":557,"column":2},"end":{"line":557,"column":52}},{"start":{},"end":{}}],"line":557},"168":{"loc":{"start":{"line":558,"column":2},"end":{"line":559,"column":36}},"type":"if","locations":[{"start":{"line":558,"column":2},"end":{"line":559,"column":36}},{"start":{"line":559,"column":7},"end":{"line":559,"column":36}}],"line":558},"169":{"loc":{"start":{"line":558,"column":6},"end":{"line":558,"column":56}},"type":"binary-expr","locations":[{"start":{"line":558,"column":6},"end":{"line":558,"column":22}},{"start":{"line":558,"column":26},"end":{"line":558,"column":56}}],"line":558},"170":{"loc":{"start":{"line":559,"column":7},"end":{"line":559,"column":36}},"type":"if","locations":[{"start":{"line":559,"column":7},"end":{"line":559,"column":36}},{"start":{},"end":{}}],"line":559},"171":{"loc":{"start":{"line":567,"column":2},"end":{"line":567,"column":52}},"type":"if","locations":[{"start":{"line":567,"column":2},"end":{"line":567,"column":52}},{"start":{},"end":{}}],"line":567},"172":{"loc":{"start":{"line":569,"column":2},"end":{"line":576,"column":3}},"type":"if","locations":[{"start":{"line":569,"column":2},"end":{"line":576,"column":3}},{"start":{},"end":{}}],"line":569},"173":{"loc":{"start":{"line":584,"column":41},"end":{"line":584,"column":49}},"type":"default-arg","locations":[{"start":{"line":584,"column":47},"end":{"line":584,"column":49}}],"line":584},"174":{"loc":{"start":{"line":585,"column":12},"end":{"line":585,"column":48}},"type":"cond-expr","locations":[{"start":{"line":585,"column":25},"end":{"line":585,"column":43}},{"start":{"line":585,"column":46},"end":{"line":585,"column":48}}],"line":585},"175":{"loc":{"start":{"line":593,"column":2},"end":{"line":593,"column":35}},"type":"if","locations":[{"start":{"line":593,"column":2},"end":{"line":593,"column":35}},{"start":{},"end":{}}],"line":593},"176":{"loc":{"start":{"line":594,"column":19},"end":{"line":594,"column":45}},"type":"binary-expr","locations":[{"start":{"line":594,"column":19},"end":{"line":594,"column":30}},{"start":{"line":594,"column":34},"end":{"line":594,"column":45}}],"line":594},"177":{"loc":{"start":{"line":601,"column":0},"end":{"line":603,"column":1}},"type":"if","locations":[{"start":{"line":601,"column":0},"end":{"line":603,"column":1}},{"start":{},"end":{}}],"line":601}},"s":{"0":9,"1":1,"2":8,"3":3,"4":0,"5":3,"6":1,"7":1,"8":1,"9":3,"10":3,"11":3,"12":3,"13":3,"14":3,"15":3,"16":6,"17":0,"18":6,"19":3,"20":4,"21":3,"22":1,"23":2,"24":2,"25":2,"26":23,"27":13,"28":0,"29":13,"30":0,"31":0,"32":0,"33":0,"34":0,"35":0,"36":0,"37":12,"38":12,"39":2,"40":12,"41":1,"42":0,"43":1,"44":1,"45":1,"46":0,"47":1,"48":0,"49":1,"50":1,"51":0,"52":1,"53":1,"54":0,"55":1,"56":13,"57":10,"58":3,"59":3,"60":5,"61":3,"62":8,"63":8,"64":8,"65":8,"66":5,"67":5,"68":5,"69":5,"70":5,"71":5,"72":5,"73":4,"74":4,"75":3,"76":3,"77":3,"78":3,"79":3,"80":3,"81":3,"82":3,"83":3,"84":1,"85":1,"86":1,"87":5,"88":5,"89":1,"90":4,"91":1,"92":1,"93":1,"94":1,"95":3,"96":3,"97":3,"98":3,"99":1,"100":1,"101":1,"102":2,"103":1,"104":1,"105":0,"106":1,"107":1,"108":2,"109":18,"110":18,"111":18,"112":18,"113":14,"114":12,"115":2,"116":2,"117":1,"118":1,"119":1,"120":1,"121":0,"122":2,"123":1,"124":1,"125":1,"126":0,"127":18,"128":18,"129":18,"130":18,"131":18,"132":11,"133":11,"134":11,"135":2,"136":0,"137":11,"138":2,"139":11,"140":11,"141":11,"142":11,"143":11,"144":18,"145":18,"146":1,"147":0,"148":1,"149":2,"150":0,"151":0,"152":0,"153":0,"154":1,"155":0,"156":1,"157":1,"158":3,"159":2,"160":2,"161":2,"162":1,"163":1,"164":0,"165":1,"166":1,"167":1,"168":1,"169":1,"170":1,"171":1,"172":1,"173":1,"174":1,"175":1,"176":1,"177":1,"178":1,"179":1,"180":0,"181":1,"182":2,"183":2,"184":18,"185":18,"186":18,"187":18,"188":18,"189":18,"190":18,"191":2,"192":2,"193":1,"194":1,"195":1,"196":1,"197":0,"198":1,"199":1,"200":0,"201":18,"202":0,"203":0,"204":0,"205":0,"206":0,"207":0,"208":0,"209":0,"210":0,"211":0,"212":0,"213":18,"214":3,"215":0,"216":3,"217":3,"218":3,"219":4,"220":3,"221":1,"222":1,"223":1,"224":1,"225":0,"226":1,"227":1,"228":1,"229":1,"230":0,"231":18,"232":18,"233":3,"234":0,"235":3,"236":3,"237":3,"238":5,"239":5,"240":3,"241":2,"242":0,"243":1,"244":18,"245":8,"246":0,"247":8,"248":8,"249":6,"250":0,"251":6,"252":6,"253":6,"254":0,"255":0,"256":0,"257":0,"258":0,"259":0,"260":0,"261":0,"262":0,"263":0,"264":0,"265":0,"266":0,"267":0,"268":2,"269":18,"270":4,"271":0,"272":4,"273":4,"274":4,"275":0,"276":4,"277":4,"278":3,"279":3,"280":2,"281":2,"282":2,"283":2,"284":2,"285":2,"286":1,"287":2,"288":1,"289":1,"290":1,"291":1,"292":1,"293":1,"294":1,"295":1,"296":1,"297":1,"298":1,"299":0,"300":0,"301":18,"302":1,"303":0,"304":1,"305":1,"306":1,"307":1,"308":1,"309":1,"310":1,"311":1,"312":1,"313":1,"314":18,"315":7,"316":7,"317":3,"318":0,"319":3,"320":3,"321":3,"322":3,"323":3,"324":3,"325":3,"326":3,"327":3,"328":3,"329":0,"330":18,"331":18,"332":3,"333":3,"334":2,"335":3,"336":1,"337":2,"338":1,"339":3,"340":18,"341":3,"342":0,"343":3,"344":3,"345":2,"346":2,"347":1,"348":1,"349":1,"350":18,"351":1,"352":1,"353":1,"354":1,"355":1,"356":1,"357":0,"358":1,"359":18,"360":18,"361":18,"362":18},"f":{"0":9,"1":3,"2":6,"3":4,"4":23,"5":13,"6":0,"7":12,"8":1,"9":1,"10":1,"11":13,"12":5,"13":8,"14":5,"15":14,"16":1,"17":2,"18":11,"19":2,"20":2,"21":1,"22":2,"23":0,"24":0,"25":1,"26":3,"27":1,"28":1,"29":1,"30":1,"31":2,"32":2,"33":2,"34":0,"35":0,"36":3,"37":1,"38":3,"39":8,"40":4,"41":1,"42":1,"43":7,"44":3,"45":3,"46":3,"47":1,"48":1},"b":{"0":[1,8],"1":[2],"2":[0,3],"3":[1,2],"4":[1],"5":[0,6],"6":[3,3],"7":[6,3],"8":[3,1],"9":[1,2],"10":[3,1],"11":[1,1],"12":[1,0],"13":[0,2],"14":[0,13],"15":[1,12],"16":[13,1],"17":[0,0],"18":[0,0],"19":[0,0],"20":[0,0],"21":[0,0],"22":[2,10],"23":[12,2],"24":[0,1],"25":[0,1],"26":[1,0],"27":[0,1],"28":[10,3],"29":[13,13,13],"30":[1,2],"31":[1,2],"32":[8,0],"33":[8,8],"34":[8,0],"35":[5,3],"36":[5,0],"37":[0,3],"38":[3,0],"39":[1,4],"40":[1,3],"41":[1,0],"42":[1,1],"43":[3,0],"44":[3,0],"45":[0,0],"46":[3,0],"47":[1,2],"48":[3,3],"49":[1,1],"50":[1,0],"51":[12,2],"52":[1,1],"53":[1,0],"54":[18,0],"55":[0],"56":[0],"57":[0],"58":[0],"59":[11,0],"60":[11,11],"61":[0,2],"62":[0,11],"63":[11,11],"64":[0,1],"65":[1,1],"66":[0,0],"67":[0,0],"68":[0,0],"69":[0,0],"70":[0,1],"71":[1,1]
[...]
,"C:\\Users\\HP\\query-pg\\lib\\runtime-ws-utils.js": {"path":"C:\\Users\\HP\\query-pg\\lib\\runtime-ws-utils.js","statementMap":{"0":{"start":{"line":2,"column":16},"end":{"line":2,"column":39}},"1":{"start":{"line":6,"column":2},"end":{"line":20,"column":4}},"2":{"start":{"line":7,"column":20},"end":{"line":7,"column":51}},"3":{"start":{"line":7,"column":31},"end":{"line":7,"column":49}},"4":{"start":{"line":7,"column":52},"end":{"line":7,"column":81}},"5":{"start":{"line":7,"column":68},"end":{"line":7,"column":81}},"6":{"start":{"line":8,"column":26},"end":{"line":8,"column":81}},"7":{"start":{"line":8,"column":45},"end":{"line":8,"column":81}},"8":{"start":{"line":9,"column":21},"end":{"line":9,"column":52}},"9":{"start":{"line":9,"column":38},"end":{"line":9,"column":52}},"10":{"start":{"line":11,"column":6},"end":{"line":11,"column":37}},"11":{"start":{"line":11,"column":23},"end":{"line":11,"column":37}},"12":{"start":{"line":13,"column":6},"end":{"line":18,"column":20}},"13":{"start":{"line":15,"column":21},"end":{"line":15,"column":39}},"14":{"start":{"line":16,"column":8},"end":{"line":16,"column":37}},"15":{"start":{"line":17,"column":8},"end":{"line":17,"column":33}},"16":{"start":{"line":24,"column":22},"end":{"line":24,"column":42}},"17":{"start":{"line":25,"column":2},"end":{"line":25,"column":44}},"18":{"start":{"line":25,"column":31},"end":{"line":25,"column":44}},"19":{"start":{"line":26,"column":15},"end":{"line":26,"column":27}},"20":{"start":{"line":27,"column":16},"end":{"line":27,"column":104}},"21":{"start":{"line":28,"column":14},"end":{"line":28,"column":44}},"22":{"start":{"line":29,"column":2},"end":{"line":31,"column":12}},"23":{"start":{"line":30,"column":4},"end":{"line":30,"column":60}},"24":{"start":{"line":30,"column":10},"end":{"line":30,"column":45}},"25":{"start":{"line":32,"column":2},"end":{"line":32,"column":14}},"26":{"start":{"line":35,"column":0},"end":{"line":35,"column":57}}},"fnMap":{"0":{"name":"createWsHandlers","decl":{"start":{"line":4,"column":9},"end":{"line":4,"column":25}},"loc":{"start":{"line":4,"column":31},"end":{"line":21,"column":1}},"line":4},"1":{"name":"(anonymous_1)","decl":{"start":{"line":7,"column":12},"end":{"line":7,"column":13}},"loc":{"start":{"line":7,"column":18},"end":{"line":7,"column":83}},"line":7},"2":{"name":"(anonymous_2)","decl":{"start":{"line":8,"column":15},"end":{"line":8,"column":16}},"loc":{"start":{"line":8,"column":24},"end":{"line":8,"column":83}},"line":8},"3":{"name":"(anonymous_3)","decl":{"start":{"line":9,"column":13},"end":{"line":9,"column":14}},"loc":{"start":{"line":9,"column":19},"end":{"line":9,"column":54}},"line":9},"4":{"name":"(anonymous_4)","decl":{"start":{"line":10,"column":13},"end":{"line":10,"column":14}},"loc":{"start":{"line":10,"column":19},"end":{"line":19,"column":5}},"line":10},"5":{"name":"scheduleReconnect","decl":{"start":{"line":23,"column":9},"end":{"line":23,"column":26}},"loc":{"start":{"line":23,"column":42},"end":{"line":33,"column":1}},"line":23},"6":{"name":"(anonymous_6)","decl":{"start":{"line":29,"column":6},"end":{"line":29,"column":7}},"loc":{"start":{"line":29,"column":12},"end":{"line":31,"column":3}},"line":29}},"branchMap":{"0":{"loc":{"start":{"line":7,"column":20},"end":{"line":7,"column":51}},"type":"if","locations":[{"start":{"line":7,"column":20},"end":{"line":7,"column":51}},{"start":{},"end":{}}],"line":7},"1":{"loc":{"start":{"line":7,"column":52},"end":{"line":7,"column":81}},"type":"if","locations":[{"start":{"line":7,"column":52},"end":{"line":7,"column":81}},{"start":{},"end":{}}],"line":7},"2":{"loc":{"start":{"line":8,"column":26},"end":{"line":8,"column":81}},"type":"if","locations":[{"start":{"line":8,"column":26},"end":{"line":8,"column":81}},{"start":{},"end":{}}],"line":8},"3":{"loc":{"start":{"line":8,"column":45},"end":{"line":8,"column":80}},"type":"binary-expr","locations":[{"start":{"line":8,"column":45},"end":{"line":8,"column":58}},{"start":{"line":8,"column":62},"end":{"line":8,"column":80}}],"line":8},"4":{"loc":{"start":{"line":9,"column":21},"end":{"line":9,"column":52}},"type":"if","locations":[{"start":{"line":9,"column":21},"end":{"line":9,"column":52}},{"start":{},"end":{}}],"line":9},"5":{"loc":{"start":{"line":11,"column":6},"end":{"line":11,"column":37}},"type":"if","locations":[{"start":{"line":11,"column":6},"end":{"line":11,"column":37}},{"start":{},"end":{}}],"line":11},"6":{"loc":{"start":{"line":15,"column":21},"end":{"line":15,"column":39}},"type":"binary-expr","locations":[{"start":{"line":15,"column":21},"end":{"line":15,"column":34}},{"start":{"line":15,"column":38},"end":{"line":15,"column":39}}],"line":15},"7":{"loc":{"start":{"line":24,"column":22},"end":{"line":24,"column":42}},"type":"binary-expr","locations":[{"start":{"line":24,"column":22},"end":{"line":24,"column":37}},{"start":{"line":24,"column":41},"end":{"line":24,"column":42}}],"line":24},"8":{"loc":{"start":{"line":25,"column":2},"end":{"line":25,"column":44}},"type":"if","locations":[{"start":{"line":25,"column":2},"end":{"line":25,"column":44}},{"start":{},"end":{}}],"line":25},"9":{"loc":{"start":{"line":27,"column":16},"end":{"line":27,"column":104}},"type":"cond-expr","locations":[{"start":{"line":27,"column":58},"end":{"line":27,"column":90}},{"start":{"line":27,"column":93},"end":{"line":27,"column":104}}],"line":27},"10":{"loc":{"start":{"line":27,"column":17},"end":{"line":27,"column":54}},"type":"binary-expr","locations":[{"start":{"line":27,"column":17},"end":{"line":27,"column":24}},{"start":{"line":27,"column":28},"end":{"line":27,"column":54}}],"line":27},"11":{"loc":{"start":{"line":28,"column":14},"end":{"line":28,"column":44}},"type":"binary-expr","locations":[{"start":{"line":28,"column":14},"end":{"line":28,"column":30}},{"start":{"line":28,"column":34},"end":{"line":28,"column":44}}],"line":28},"12":{"loc":{"start":{"line":30,"column":10},"end":{"line":30,"column":44}},"type":"binary-expr","locations":[{"start":{"line":30,"column":10},"end":{"line":30,"column":24}},{"start":{"line":30,"column":28},"end":{"line":30,"column":44}}],"line":30}},"s":{"0":4,"1":4,"2":1,"3":1,"4":1,"5":1,"6":1,"7":1,"8":1,"9":1,"10":2,"11":2,"12":2,"13":2,"14":2,"15":2,"16":4,"17":4,"18":1,"19":3,"20":3,"21":3,"22":3,"23":1,"24":1,"25":3,"26":4},"f":{"0":4,"1":1,"2":1,"3":1,"4":2,"5":4,"6":1},"b":{"0":[1,0],"1":[1,0],"2":[1,0],"3":[1,1],"4":[1,0],"5":[2,0],"6":[2,2],"7":[4,1],"8":[1,3],"9":[3,0],"10":[3,3],"11":[3,1],"12":[1,1]},"_coverageSchema":"1a1c01bbd47fc00a2c39e90264f33305004495a9","hash":"102903f275b0b352851d3fb77ae574f1a2cf3f97"}
,"C:\\Users\\HP\\query-pg\\lib\\runtime.js": {"path":"C:\\Users\\HP\\query-pg\\lib\\runtime.js","statementMap":{"0":{"start":{"line":1,"column":16},"end":{"line":1,"column":39}},"1":{"start":{"line":2,"column":14},"end":{"line":2,"column":43}},"2":{"start":{"line":3,"column":17},"end":{"line":3,"column":49}},"3":{"start":{"line":8,"column":2},"end":{"line":8,"column":75}},"4":{"start":{"line":8,"column":28},"end":{"line":8,"column":75}},"5":{"start":{"line":9,"column":117},"end":{"line":9,"column":120}},"6":{"start":{"line":12,"column":2},"end":{"line":16,"column":3}},"7":{"start":{"line":13,"column":4},"end":{"line":13,"column":104}},"8":{"start":{"line":15,"column":4},"end":{"line":15,"column":102}},"9":{"start":{"line":18,"column":2},"end":{"line":32,"column":3}},"10":{"start":{"line":19,"column":19},"end":{"line":24,"column":9}},"11":{"start":{"line":20,"column":19},"end":{"line":20,"column":58}},"12":{"start":{"line":21,"column":6},"end":{"line":21,"column":139}},"13":{"start":{"line":21,"column":52},"end":{"line":21,"column":139}},"14":{"start":{"line":23,"column":6},"end":{"line":23,"column":91}},"15":{"start":{"line":27,"column":18},"end":{"line":27,"column":70}},"16":{"start":{"line":28,"column":4},"end":{"line":28,"column":17}},"17":{"start":{"line":30,"column":4},"end":{"line":30,"column":57}},"18":{"start":{"line":30,"column":21},"end":{"line":30,"column":57}},"19":{"start":{"line":31,"column":4},"end":{"line":31,"column":45}},"20":{"start":{"line":38,"column":2},"end":{"line":38,"column":87}},"21":{"start":{"line":38,"column":48},"end":{"line":38,"column":87}},"22":{"start":{"line":39,"column":13},"end":{"line":39,"column":45}},"23":{"start":{"line":42,"column":2},"end":{"line":54,"column":3}},"24":{"start":{"line":43,"column":20},"end":{"line":43,"column":52}},"25":{"start":{"line":44,"column":4},"end":{"line":44,"column":45}},"26":{"start":{"line":46,"column":4},"end":{"line":46,"column":49}},"27":{"start":{"line":46,"column":27},"end":{"line":46,"column":48}},"28":{"start":{"line":48,"column":4},"end":{"line":53,"column":6}},"29":{"start":{"line":49,"column":22},"end":{"line":49,"column":51}},"30":{"start":{"line":49,"column":38},"end":{"line":49,"column":51}},"31":{"start":{"line":50,"column":28},"end":{"line":50,"column":66}},"32":{"start":{"line":50,"column":47},"end":{"line":50,"column":66}},"33":{"start":{"line":51,"column":23},"end":{"line":51,"column":54}},"34":{"start":{"line":51,"column":40},"end":{"line":51,"column":54}},"35":{"start":{"line":52,"column":23},"end":{"line":52,"column":54}},"36":{"start":{"line":52,"column":40},"end":{"line":52,"column":54}},"37":{"start":{"line":56,"column":2},"end":{"line":70,"column":3}},"38":{"start":{"line":56,"column":43},"end":{"line":56,"column":82}},"39":{"start":{"line":58,"column":4},"end":{"line":58,"column":32}},"40":{"start":{"line":59,"column":4},"end":{"line":59,"column":38}},"41":{"start":{"line":60,"column":4},"end":{"line":60,"column":34}},"42":{"start":{"line":61,"column":4},"end":{"line":69,"column":6}},"43":{"start":{"line":62,"column":6},"end":{"line":62,"column":25}},"44":{"start":{"line":64,"column":6},"end":{"line":68,"column":20}},"45":{"start":{"line":65,"column":24},"end":{"line":65,"column":56}},"46":{"start":{"line":66,"column":8},"end":{"line":66,"column":61}},"47":{"start":{"line":67,"column":8},"end":{"line":67,"column":49}},"48":{"start":{"line":71,"column":2},"end":{"line":71,"column":67}},"49":{"start":{"line":71,"column":30},"end":{"line":71,"column":62}},"50":{"start":{"line":71,"column":36},"end":{"line":71,"column":47}},"51":{"start":{"line":74,"column":0},"end":{"line":74,"column":58}}},"fnMap":{"0":{"name":"orchestrateRequest","decl":{"start":{"line":6,"column":15},"end":{"line":6,"column":33}},"loc":{"start":{"line":6,"column":39},"end":{"line":33,"column":1}},"line":6},"1":{"name":"(anonymous_1)","decl":{"start":{"line":19,"column":154},"end":{"line":19,"column":155}},"loc":{"start":{"line":19,"column":166},"end":{"line":24,"column":5}},"line":19},"2":{"name":"connectWsRuntime","decl":{"start":{"line":36,"column":9},"end":{"line":36,"column":25}},"loc":{"start":{"line":36,"column":31},"end":{"line":72,"column":1}},"line":36},"3":{"name":"(anonymous_3)","decl":{"start":{"line":46,"column":21},"end":{"line":46,"column":22}},"loc":{"start":{"line":46,"column":27},"end":{"line":46,"column":48}},"line":46},"4":{"name":"(anonymous_4)","decl":{"start":{"line":49,"column":14},"end":{"line":49,"column":15}},"loc":{"start":{"line":49,"column":20},"end":{"line":49,"column":53}},"line":49},"5":{"name":"(anonymous_5)","decl":{"start":{"line":50,"column":17},"end":{"line":50,"column":18}},"loc":{"start":{"line":50,"column":26},"end":{"line":50,"column":68}},"line":50},"6":{"name":"(anonymous_6)","decl":{"start":{"line":51,"column":15},"end":{"line":51,"column":16}},"loc":{"start":{"line":51,"column":21},"end":{"line":51,"column":56}},"line":51},"7":{"name":"(anonymous_7)","decl":{"start":{"line":52,"column":15},"end":{"line":52,"column":16}},"loc":{"start":{"line":52,"column":21},"end":{"line":52,"column":56}},"line":52},"8":{"name":"(anonymous_8)","decl":{"start":{"line":61,"column":17},"end":{"line":61,"column":18}},"loc":{"start":{"line":61,"column":23},"end":{"line":69,"column":5}},"line":61},"9":{"name":"(anonymous_9)","decl":{"start":{"line":71,"column":22},"end":{"line":71,"column":23}},"loc":{"start":{"line":71,"column":28},"end":{"line":71,"column":64}},"line":71}},"branchMap":{"0":{"loc":{"start":{"line":8,"column":2},"end":{"line":8,"column":75}},"type":"if","locations":[{"start":{"line":8,"column":2},"end":{"line":8,"column":75}},{"start":{},"end":{}}],"line":8},"1":{"loc":{"start":{"line":8,"column":6},"end":{"line":8,"column":26}},"type":"binary-expr","locations":[{"start":{"line":8,"column":6},"end":{"line":8,"column":10}},{"start":{"line":8,"column":14},"end":{"line":8,"column":26}}],"line":8},"2":{"loc":{"start":{"line":9,"column":37},"end":{"line":9,"column":48}},"type":"default-arg","locations":[{"start":{"line":9,"column":46},"end":{"line":9,"column":48}}],"line":9},"3":{"loc":{"start":{"line":9,"column":50},"end":{"line":9,"column":63}},"type":"default-arg","locations":[{"start":{"line":9,"column":61},"end":{"line":9,"column":63}}],"line":9},"4":{"loc":{"start":{"line":9,"column":65},"end":{"line":9,"column":82}},"type":"default-arg","locations":[{"start":{"line":9,"column":76},"end":{"line":9,"column":82}}],"line":9},"5":{"loc":{"start":{"line":9,"column":84},"end":{"line":9,"column":94}},"type":"default-arg","locations":[{"start":{"line":9,"column":92},"end":{"line":9,"column":94}}],"line":9},"6":{"loc":{"start":{"line":12,"column":2},"end":{"line":16,"column":3}},"type":"if","locations":[{"start":{"line":12,"column":2},"end":{"line":16,"column":3}},{"start":{"line":14,"column":9},"end":{"line":16,"column":3}}],"line":12},"7":{"loc":{"start":{"line":12,"column":6},"end":{"line":12,"column":37}},"type":"binary-expr","locations":[{"start":{"line":12,"column":6},"end":{"line":12,"column":13}},{"start":{"line":12,"column":17},"end":{"line":12,"column":37}}],"line":12},"8":{"loc":{"start":{"line":19,"column":26},"end":{"line":24,"column":8}},"type":"cond-expr","locations":[{"start":{"line":19,"column":64},"end":{"line":19,"column":150}},{"start":{"line":19,"column":153},"end":{"line":24,"column":8}}],"line":19},"9":{"loc":{"start":{"line":19,"column":26},"end":{"line":19,"column":61}},"type":"binary-expr","locations":[{"start":{"line":19,"column":26},"end":{"line":19,"column":33}},{"start":{"line":19,"column":37},"end":{"line":19,"column":61}}],"line":19},"10":{"loc":{"start":{"line":21,"column":6},"end":{"line":21,"column":139}},"type":"if","locations":[{"start":{"line":21,"column":6},"end":{"line":21,"column":139}},{"start":{},"end":{}}],"line":21},"11":{"loc":{"start":{"line":21,"column":10},"end":{"line":21,"column":50}},"type":"binary-expr","locations":[{"start":{"line":21,"column":10},"end":{"line":21,"column":17}},{"start":{"line":21,"column":21},"end":{"line":21,"column":50}}],"line":21},"12":{"loc":{"start":{"line":30,"column":4},"end":{"line":30,"column":57}},"type":"if","locations":[{"start":{"line":30,"column":4},"end":{"line":30,"column":57}},{"start":{},"end":{}}],"line":30},"13":{"loc":{"start":{"line":30,"column":33},"end":{"line":30,"column":55}},"type":"binary-expr","locations":[{"start":{"line":30,"column":33},"end":{"line":30,"column":42}},{"start":{"line":30,"column":46},"end":{"line":30,"column":55}}],"line":30},"14":{"loc":{"start":{"line":31,"column":20},"end":{"line":31,"column":42}},"type":"binary-expr","locations":[{"start":{"line":31,"column":20},"end":{"line":31,"column":29}},{"start":{"line":31,"column":33},"end":{"line":31,"column":42}}],"line":31},"15":{"loc":{"start":{"line":38,"column":2},"end":{"line":38,"column":87}},"type":"if","locations":[{"start":{"line":38,"column":2},"end":{"line":38,"column":87}},{"start":{},"end":{}}],"line":38},"16":{"loc":{"start":{"line":38,"column":6},"end":{"line":38,"column":46}},"type":"binary-expr","locations":[{"start":{"line":38,"column":6},"end":{"line":38,"column":10}},{"start":{"line":38,"column":14},"end":{"line":38,"column":32}},{"start":{"line":38,"column":36},"end":{"line":38,"column":46}}],"line":38},"17":{"loc":{"start":{"line":49,"column":22},"end":{"line":49,"column":51}},"type":"if","locations":[{"start":{"line":49,"column":22},"end":{"line":49,"column":51}},{"start":{},"end":{}}],"line":49},"18":{"loc":{"start":{"line":50,"column":28},"end":{"line":50,"column":66}},"type":"if","locations":[{"start":{"line":50,"column":28},"end":{"line":50,"column":66}},{"start":{},"end":{}}],"line":50},"19":{"loc":{"start":{"line":51,"column":23},"end":{"line":51,"column":54}},"type":"if","locations":[{"start":{"line":51,"column":23},"end":{"line":51,"column":54}},{"start":{},"end":{}}],"line":51},"20":{"loc":{"start":{"line":52,"column":23},"end":{"line":52,"column":54}},"type":"if","locations":[{"start":{"line":52,"column":23},"end":{"line":52,"column":54}},{"start":{},"end":{}}],"line":52},"21":{"loc":{"start":{"line":56,"column":2},"end":{"line":70,"column":3}},"type":"if","locations":[{"start":{"line":56,"column":2},"end":{"line":70,"column":3}},{"start":{"line":57,"column":7},"end":{"line":70,"column":3}}],"line":56},"22":{"loc":{"start":{"line":56,"column":6},"end":{"line":56,"column":41}},"type":"binary-expr","locations":[{"start":{"line":56,"column":6},"end":{"line":56,"column":13}},{"start":{"line":56,"column":17},"end":{"line":56,"column":41}}],"line":56},"23":{"loc":{"start":{"line":66,"column":40},"end":{"line":66,"column":58}},"type":"binary-expr","locations":[{"start":{"line":66,"column":40},"end":{"line":66,"column":53}},{"start":{"line":66,"column":57},"end":{"line":66,"column":58}}],"line":66},"24":{"loc":{"start":{"line":67,"column":25},"end":{"line":67,"column":43}},"type":"binary-expr","locations":[{"start":{"line":67,"column":25},"end":{"line":67,"column":38}},{"start":{"line":67,"column":42},"end":{"line":67,"column":43}}],"line":67}},"s":{"0":6,"1":6,"2":6,"3":12,"4":1,"5":11,"6":11,"7":11,"8":0,"9":11,"10":11,"11":1,"12":1,"13":1,"14":0,"15":11,"16":11,"17":0,"18":0,"19":0,"20":4,"21":1,"22":3,"23":3,"24":3,"25":3,"26":3,"27":0,"28":0,"29":0,"30":0,"31":0,"32":0,"33":0,"34":0,"35":0,"36":0,"37":3,"38":3,"39":0,"40":0,"41":0,"42":0,"43":0,"44":0,"45":0,"46":0,"47":0,"48":3,"49":0,"50":0,"51":6},"f":{"0":12,"1":1,"2":4,"3":0,"4":0,"5":0,"6":0,"7":0,"8":0,"9":0},"b":{"0":[1,11],"1":[12,11],"2":[10],"3":[10],"4":[10],"5":[10],"6":[11,0],"7":[11,11],"8":[10,1],"9":[11,11],"10":[1,0],"11":[1,1],"12":[0,0],"13":[0,0],"14":[0,0],"15":[1,3],"16":[4,3,3],"17":[0,0],"18":[0,0],"19":[0,0],"20":[0,0],"21":[3,0],"22":[3,3],"23":[0,0],"24":[0,0]},"_coverageSchema":"1a1c01bbd47fc00a2c39e90264f33305004495a9","hash":"a0214cbeb887e9304b591d95fe5abaf439cb2fdd"}
}
