TN:
SF:lib\helpers.js
FN:3,escapeHtmlHelper
FN:8,highlightJSONHelper
FN:23,renderSchemaFieldsHelper
FN:26,(anonymous_3)
FN:38,buildCacheKeys
FN:42,buildUrl
FN:48,getStorage
FN:55,buildHeaders
FN:61,saveToken
FN:66,loadToken
FN:71,formatStatusText
FN:77,appendQueryParams
FN:80,(anonymous_12)
FN:85,parseAndCacheResponse
FN:123,normalizeParsedResponse
FN:170,parseRequestBody
FN:181,serializeHistory
FN:186,tokenBadgeText
FN:200,buildRequest
FN:204,(anonymous_19)
FN:208,(anonymous_20)
FN:221,buildEndpointOptions
FN:223,(anonymous_22)
FN:226,buildMethodOptions
FN:228,(anonymous_24)
FN:231,buildParamsHtml
FN:234,(anonymous_26)
FN:244,buildBodyHtml
FN:255,renderAuthHtml
FN:257,(anonymous_29)
FN:264,buildHistoryOptions
FN:266,(anonymous_31)
FN:269,buildDarkToggle
FN:282,buildResponseHtml
FN:300,buildFormHtml
FN:351,(anonymous_35)
FN:375,getCachedResponse
FN:389,saveCache
FN:406,getOfflineCached
FN:428,orchestrateFetch
FN:465,fetchParseAndCache
FN:517,collectFormValues
FN:524,(anonymous_42)
FN:533,calcReconnectDelay
FN:538,attachWsHandlers
FN:555,buildCopyText
FN:566,parseHistoryEntry
FN:584,limitHistory
FN:592,formatFetchError
FNF:49
FNH:44
FNDA:9,escapeHtmlHelper
FNDA:3,highlightJSONHelper
FNDA:6,renderSchemaFieldsHelper
FNDA:4,(anonymous_3)
FNDA:23,buildCacheKeys
FNDA:13,buildUrl
FNDA:0,getStorage
FNDA:12,buildHeaders
FNDA:1,saveToken
FNDA:1,loadToken
FNDA:1,formatStatusText
FNDA:13,appendQueryParams
FNDA:5,(anonymous_12)
FNDA:8,parseAndCacheResponse
FNDA:5,normalizeParsedResponse
FNDA:14,parseRequestBody
FNDA:1,serializeHistory
FNDA:2,tokenBadgeText
FNDA:11,buildRequest
FNDA:2,(anonymous_19)
FNDA:2,(anonymous_20)
FNDA:1,buildEndpointOptions
FNDA:2,(anonymous_22)
FNDA:0,buildMethodOptions
FNDA:0,(anonymous_24)
FNDA:1,buildParamsHtml
FNDA:3,(anonymous_26)
FNDA:1,buildBodyHtml
FNDA:1,renderAuthHtml
FNDA:1,(anonymous_29)
FNDA:1,buildHistoryOptions
FNDA:2,(anonymous_31)
FNDA:2,buildDarkToggle
FNDA:2,buildResponseHtml
FNDA:0,buildFormHtml
FNDA:0,(anonymous_35)
FNDA:3,getCachedResponse
FNDA:1,saveCache
FNDA:3,getOfflineCached
FNDA:8,orchestrateFetch
FNDA:4,fetchParseAndCache
FNDA:1,collectFormValues
FNDA:1,(anonymous_42)
FNDA:7,calcReconnectDelay
FNDA:3,attachWsHandlers
FNDA:3,buildCopyText
FNDA:3,parseHistoryEntry
FNDA:1,limitHistory
FNDA:1,formatFetchError
DA:4,9
DA:5,8
DA:9,3
DA:10,3
DA:11,1
DA:12,1
DA:14,3
DA:15,3
DA:16,3
DA:17,3
DA:18,3
DA:19,3
DA:20,3
DA:24,6
DA:25,6
DA:26,3
DA:27,4
DA:30,3
DA:31,1
DA:33,2
DA:34,2
DA:35,2
DA:39,23
DA:43,13
DA:44,13
DA:49,0
DA:50,0
DA:51,0
DA:52,0
DA:56,12
DA:57,12
DA:58,12
DA:62,1
DA:63,1
DA:67,1
DA:68,1
DA:72,1
DA:73,1
DA:74,1
DA:78,13
DA:79,3
DA:80,5
DA:81,3
DA:86,8
DA:87,8
DA:88,8
DA:89,8
DA:90,5
DA:91,5
DA:92,5
DA:93,5
DA:95,5
DA:96,5
DA:97,5
DA:98,4
DA:100,4
DA:103,3
DA:104,3
DA:105,3
DA:106,3
DA:107,3
DA:108,3
DA:109,3
DA:110,3
DA:112,3
DA:116,1
DA:117,1
DA:118,1
DA:124,5
DA:125,5
DA:127,4
DA:128,1
DA:129,1
DA:130,1
DA:131,1
DA:134,3
DA:135,3
DA:136,3
DA:138,3
DA:139,1
DA:140,1
DA:141,1
DA:144,2
DA:145,1
DA:146,1
DA:147,1
DA:149,2
DA:152,18
DA:154,18
DA:166,18
DA:167,18
DA:171,14
DA:172,2
DA:173,2
DA:174,1
DA:176,1
DA:182,1
DA:187,2
DA:188,1
DA:189,0
DA:192,18
DA:193,18
DA:194,18
DA:197,18
DA:201,11
DA:202,11
DA:204,11
DA:205,2
DA:208,11
DA:209,11
DA:210,11
DA:211,11
DA:212,11
DA:213,11
DA:216,18
DA:218,18
DA:222,1
DA:223,2
DA:227,0
DA:228,0
DA:232,1
DA:233,1
DA:234,1
DA:235,3
DA:236,2
DA:237,2
DA:238,2
DA:241,1
DA:245,1
DA:246,1
DA:247,1
DA:248,1
DA:249,1
DA:251,1
DA:252,1
DA:256,1
DA:257,1
DA:258,1
DA:259,1
DA:260,1
DA:261,1
DA:265,1
DA:266,2
DA:270,2
DA:273,18
DA:274,18
DA:275,18
DA:276,18
DA:277,18
DA:278,18
DA:279,18
DA:283,2
DA:284,2
DA:285,1
DA:286,1
DA:287,1
DA:288,1
DA:290,0
DA:292,1
DA:293,0
DA:296,18
DA:301,0
DA:302,0
DA:303,0
DA:304,0
DA:305,0
DA:306,0
DA:307,0
DA:308,0
DA:309,0
DA:311,0
DA:351,0
DA:372,18
DA:376,3
DA:377,3
DA:378,3
DA:379,3
DA:380,4
DA:381,3
DA:384,1
DA:386,1
DA:390,1
DA:391,1
DA:392,1
DA:393,1
DA:394,1
DA:396,0
DA:400,18
DA:401,18
DA:407,3
DA:408,3
DA:409,3
DA:410,3
DA:411,5
DA:412,5
DA:413,3
DA:419,0
DA:421,1
DA:424,18
DA:429,8
DA:430,8
DA:431,8
DA:432,6
DA:433,6
DA:434,6
DA:435,6
DA:438,0
DA:439,0
DA:440,0
DA:441,0
DA:442,0
DA:443,0
DA:444,0
DA:446,0
DA:448,0
DA:449,0
DA:450,0
DA:451,0
DA:452,0
DA:454,0
DA:456,2
DA:460,18
DA:466,4
DA:467,4
DA:468,4
DA:469,4
DA:470,4
DA:471,4
DA:472,3
DA:473,3
DA:474,2
DA:475,2
DA:476,2
DA:477,2
DA:478,2
DA:479,2
DA:480,1
DA:485,2
DA:487,1
DA:491,1
DA:492,1
DA:493,1
DA:494,1
DA:495,1
DA:496,1
DA:497,1
DA:498,1
DA:499,1
DA:504,1
DA:506,0
DA:509,0
DA:513,18
DA:518,1
DA:519,1
DA:520,1
DA:521,1
DA:522,1
DA:523,1
DA:524,1
DA:525,1
DA:526,1
DA:527,1
DA:530,18
DA:534,7
DA:535,7
DA:539,3
DA:540,3
DA:541,3
DA:542,3
DA:543,3
DA:544,3
DA:545,3
DA:547,0
DA:551,18
DA:552,18
DA:556,3
DA:557,3
DA:558,3
DA:559,2
DA:560,3
DA:563,18
DA:567,3
DA:568,3
DA:569,3
DA:570,2
DA:571,2
DA:572,1
DA:574,1
DA:578,1
DA:581,18
DA:585,1
DA:586,1
DA:587,1
DA:588,1
DA:593,1
DA:594,1
DA:597,18
DA:598,18
DA:601,18
DA:602,18
LF:300
LH:261
BRDA:4,0,0,1
BRDA:4,0,1,8
BRDA:8,1,0,2
BRDA:9,2,0,0
BRDA:9,2,1,3
BRDA:10,3,0,1
BRDA:10,3,1,2
BRDA:23,4,0,1
BRDA:24,5,0,0
BRDA:24,5,1,6
BRDA:25,6,0,3
BRDA:25,6,1,3
BRDA:25,7,0,6
BRDA:25,7,1,3
BRDA:27,8,0,3
BRDA:27,8,1,1
BRDA:30,9,0,1
BRDA:30,9,1,2
BRDA:30,10,0,3
BRDA:30,10,1,1
BRDA:33,11,0,1
BRDA:33,11,1,1
BRDA:33,12,0,1
BRDA:33,12,1,0
BRDA:34,13,0,0
BRDA:34,13,1,2
BRDA:43,14,0,0
BRDA:43,14,1,13
BRDA:44,15,0,1
BRDA:44,15,1,12
BRDA:44,16,0,13
BRDA:44,16,1,1
BRDA:49,17,0,0
BRDA:49,17,1,0
BRDA:49,18,0,0
BRDA:49,18,1,0
BRDA:50,19,0,0
BRDA:50,19,1,0
BRDA:50,20,0,0
BRDA:50,20,1,0
BRDA:51,21,0,0
BRDA:51,21,1,0
BRDA:57,22,0,2
BRDA:57,22,1,10
BRDA:57,23,0,12
BRDA:57,23,1,2
BRDA:62,24,0,0
BRDA:62,24,1,1
BRDA:67,25,0,0
BRDA:67,25,1,1
BRDA:72,26,0,1
BRDA:72,26,1,0
BRDA:73,27,0,0
BRDA:73,27,1,1
BRDA:78,28,0,10
BRDA:78,28,1,3
BRDA:78,29,0,13
BRDA:78,29,1,13
BRDA:78,29,2,13
BRDA:79,30,0,1
BRDA:79,30,1,2
BRDA:81,31,0,1
BRDA:81,31,1,2
BRDA:88,32,0,8
BRDA:88,32,1,0
BRDA:88,33,0,8
BRDA:88,33,1,8
BRDA:88,34,0,8
BRDA:88,34,1,0
BRDA:89,35,0,5
BRDA:89,35,1,3
BRDA:95,36,0,5
BRDA:95,36,1,0
BRDA:104,37,0,0
BRDA:104,37,1,3
BRDA:107,38,0,3
BRDA:107,38,1,0
BRDA:125,39,0,1
BRDA:125,39,1,4
BRDA:127,40,0,1
BRDA:127,40,1,3
BRDA:128,41,0,1
BRDA:128,41,1,0
BRDA:128,42,0,1
BRDA:128,42,1,1
BRDA:134,43,0,3
BRDA:134,43,1,0
BRDA:135,44,0,3
BRDA:135,44,1,0
BRDA:135,45,0,0
BRDA:135,45,1,0
BRDA:136,46,0,3
BRDA:136,46,1,0
BRDA:138,47,0,1
BRDA:138,47,1,2
BRDA:138,48,0,3
BRDA:138,48,1,3
BRDA:144,49,0,1
BRDA:144,49,1,1
BRDA:146,50,0,1
BRDA:146,50,1,0
BRDA:171,51,0,12
BRDA:171,51,1,2
BRDA:187,52,0,1
BRDA:187,52,1,1
BRDA:188,53,0,1
BRDA:188,53,1,0
BRDA:197,54,0,18
BRDA:197,54,1,0
BRDA:200,55,0,0
BRDA:200,56,0,0
BRDA:200,57,0,0
BRDA:200,58,0,0
BRDA:201,59,0,11
BRDA:201,59,1,0
BRDA:201,60,0,11
BRDA:201,60,1,11
BRDA:205,61,0,0
BRDA:205,61,1,2
BRDA:212,62,0,0
BRDA:212,62,1,11
BRDA:212,63,0,11
BRDA:212,63,1,11
BRDA:222,64,0,0
BRDA:222,64,1,1
BRDA:223,65,0,1
BRDA:223,65,1,1
BRDA:227,66,0,0
BRDA:227,66,1,0
BRDA:227,67,0,0
BRDA:227,67,1,0
BRDA:228,68,0,0
BRDA:228,68,1,0
BRDA:228,69,0,0
BRDA:228,69,1,0
BRDA:232,70,0,0
BRDA:232,70,1,1
BRDA:232,71,0,1
BRDA:232,71,1,1
BRDA:235,72,0,2
BRDA:235,72,1,1
BRDA:235,73,0,3
BRDA:235,73,1,2
BRDA:236,74,0,1
BRDA:236,74,1,1
BRDA:237,75,0,2
BRDA:237,75,1,1
BRDA:238,76,0,2
BRDA:238,76,1,0
BRDA:245,77,0,0
BRDA:245,77,1,1
BRDA:245,78,0,1
BRDA:245,78,1,1
BRDA:245,78,2,1
BRDA:247,79,0,1
BRDA:247,79,1,0
BRDA:251,80,0,1
BRDA:251,80,1,0
BRDA:255,81,0,0
BRDA:256,82,0,1
BRDA:256,82,1,0
BRDA:257,83,0,1
BRDA:257,83,1,1
BRDA:258,84,0,1
BRDA:258,84,1,0
BRDA:259,85,0,1
BRDA:259,85,1,0
BRDA:260,86,0,1
BRDA:260,86,1,0
BRDA:261,87,0,1
BRDA:261,87,1,0
BRDA:261,88,0,1
BRDA:261,88,1,0
BRDA:261,89,0,1
BRDA:261,89,1,0
BRDA:261,90,0,1
BRDA:261,90,1,0
BRDA:265,91,0,0
BRDA:265,91,1,1
BRDA:265,92,0,1
BRDA:265,92,1,1
BRDA:270,93,0,1
BRDA:270,93,1,1
BRDA:282,94,0,0
BRDA:283,95,0,2
BRDA:283,95,1,0
BRDA:284,96,0,1
BRDA:284,96,1,1
BRDA:284,97,0,2
BRDA:284,97,1,1
BRDA:286,98,0,1
BRDA:286,98,1,0
BRDA:286,99,0,1
BRDA:286,99,1,1
BRDA:292,100,0,1
BRDA:292,100,1,0
BRDA:300,101,0,0
BRDA:301,102,0,0
BRDA:301,102,1,0
BRDA:302,103,0,0
BRDA:302,103,1,0
BRDA:303,104,0,0
BRDA:303,104,1,0
BRDA:304,105,0,0
BRDA:304,105,1,0
BRDA:305,106,0,0
BRDA:305,106,1,0
BRDA:306,107,0,0
BRDA:306,107,1,0
BRDA:307,108,0,0
BRDA:307,108,1,0
BRDA:308,109,0,0
BRDA:308,109,1,0
BRDA:309,110,0,0
BRDA:309,110,1,0
BRDA:351,111,0,0
BRDA:351,111,1,0
BRDA:376,112,0,0
BRDA:376,112,1,3
BRDA:378,113,0,3
BRDA:378,113,1,0
BRDA:381,114,0,1
BRDA:381,114,1,2
BRDA:390,115,0,0
BRDA:390,115,1,1
BRDA:392,116,0,1
BRDA:392,116,1,0
BRDA:407,117,0,0
BRDA:407,117,1,3
BRDA:409,118,0,3
BRDA:409,118,1,0
BRDA:413,119,0,2
BRDA:413,119,1,1
BRDA:429,120,0,0
BRDA:429,120,1,8
BRDA:432,121,0,0
BRDA:432,121,1,6
BRDA:432,122,0,6
BRDA:432,122,1,6
BRDA:433,123,0,6
BRDA:433,123,1,0
BRDA:438,124,0,0
BRDA:438,124,1,0
BRDA:438,125,0,0
BRDA:438,125,1,0
BRDA:438,126,0,0
BRDA:438,126,1,0
BRDA:439,127,0,0
BRDA:439,127,1,0
BRDA:442,128,0,0
BRDA:442,128,1,0
BRDA:443,129,0,0
BRDA:443,129,1,0
BRDA:449,130,0,0
BRDA:449,130,1,0
BRDA:450,131,0,0
BRDA:450,131,1,0
BRDA:451,132,0,0
BRDA:451,132,1,0
BRDA:456,133,0,2
BRDA:456,133,1,0
BRDA:465,134,0,0
BRDA:466,135,0,0
BRDA:466,135,1,4
BRDA:469,136,0,0
BRDA:469,136,1,4
BRDA:469,137,0,4
BRDA:469,137,1,4
BRDA:470,138,0,4
BRDA:470,138,1,0
BRDA:470,139,0,4
BRDA:470,139,1,4
BRDA:470,140,0,4
BRDA:470,140,1,0
BRDA:471,141,0,3
BRDA:471,141,1,1
BRDA:475,142,0,2
BRDA:475,142,1,0
BRDA:478,143,0,2
BRDA:478,143,1,0
BRDA:478,144,0,2
BRDA:478,144,1,2
BRDA:493,145,0,1
BRDA:493,145,1,0
BRDA:494,146,0,1
BRDA:494,146,1,0
BRDA:497,147,0,1
BRDA:497,147,1,0
BRDA:497,148,0,1
BRDA:497,148,1,1
BRDA:509,149,0,0
BRDA:509,149,1,0
BRDA:509,150,0,0
BRDA:509,150,1,0
BRDA:518,151,0,0
BRDA:518,151,1,1
BRDA:521,152,0,1
BRDA:521,152,1,0
BRDA:521,153,0,1
BRDA:521,153,1,0
BRDA:522,154,0,1
BRDA:522,154,1,0
BRDA:522,155,0,1
BRDA:522,155,1,0
BRDA:526,156,0,1
BRDA:526,156,1,0
BRDA:526,157,0,1
BRDA:526,157,1,0
BRDA:533,158,0,6
BRDA:533,159,0,6
BRDA:535,160,0,1
BRDA:535,160,1,6
BRDA:538,161,0,0
BRDA:539,162,0,0
BRDA:539,162,1,3
BRDA:541,163,0,3
BRDA:541,163,1,0
BRDA:542,164,0,3
BRDA:542,164,1,0
BRDA:543,165,0,3
BRDA:543,165,1,0
BRDA:544,166,0,3
BRDA:544,166,1,0
BRDA:557,167,0,2
BRDA:557,167,1,1
BRDA:558,168,0,1
BRDA:558,168,1,2
BRDA:558,169,0,3
BRDA:558,169,1,1
BRDA:559,170,0,1
BRDA:559,170,1,1
BRDA:567,171,0,0
BRDA:567,171,1,3
BRDA:569,172,0,2
BRDA:569,172,1,1
BRDA:584,173,0,0
BRDA:585,174,0,1
BRDA:585,174,1,0
BRDA:593,175,0,0
BRDA:593,175,1,1
BRDA:594,176,0,1
BRDA:594,176,1,0
BRDA:601,177,0,18
BRDA:601,177,1,0
BRF:344
BRH:194
end_of_record
TN:
SF:lib\runtime-dispatch.js
FN:2,normalizeError
FN:16,handleParsed
FNF:2
FNH:2
FNDA:18,normalizeError
FNDA:15,handleParsed
DA:3,18
DA:4,18
DA:5,5
DA:6,5
DA:8,13
DA:9,4
DA:11,9
DA:17,15
DA:18,15
DA:19,7
DA:20,7
DA:24,7
DA:27,8
DA:28,8
DA:33,8
DA:34,3
DA:35,3
DA:39,8
DA:42,7
LF:19
LH:19
BRDA:3,0,0,0
BRDA:3,0,1,18
BRDA:4,1,0,5
BRDA:4,1,1,13
BRDA:5,2,0,3
BRDA:5,2,1,2
BRDA:5,3,0,5
BRDA:5,3,1,5
BRDA:8,4,0,4
BRDA:8,4,1,9
BRDA:8,5,0,13
BRDA:8,5,1,7
BRDA:16,6,0,0
BRDA:18,7,0,7
BRDA:18,7,1,8
BRDA:20,8,0,7
BRDA:20,8,1,0
BRDA:28,9,0,8
BRDA:28,9,1,0
BRDA:33,10,0,3
BRDA:33,10,1,5
BRDA:33,11,0,8
BRDA:33,11,1,8
BRDA:33,11,2,7
BRDA:35,12,0,3
BRDA:35,12,1,0
BRF:26
BRH:21
end_of_record
TN:
SF:lib\runtime-utils.js
FN:3,minimalBuild
FN:17,fallbackParseResponse
FNF:2
FNH:2
FNDA:2,minimalBuild
FNDA:3,fallbackParseResponse
DA:4,2
DA:5,2
DA:6,2
DA:7,1
DA:10,2
DA:11,2
DA:12,2
DA:13,2
DA:14,2
DA:19,3
DA:20,3
DA:21,2
DA:22,2
DA:24,2
DA:25,1
DA:27,1
DA:28,1
DA:29,1
DA:30,1
DA:33,7
LF:20
LH:20
BRDA:3,0,0,0
BRDA:3,1,0,0
BRDA:3,2,0,0
BRDA:3,3,0,0
BRDA:3,4,0,0
BRDA:3,5,0,0
BRDA:3,6,0,0
BRDA:3,7,0,0
BRDA:4,8,0,2
BRDA:4,8,1,0
BRDA:6,9,0,1
BRDA:6,9,1,1
BRDA:6,10,0,2
BRDA:6,10,1,1
BRDA:10,11,0,1
BRDA:10,11,1,1
BRDA:10,12,0,2
BRDA:10,12,1,1
BRDA:11,13,0,1
BRDA:11,13,1,1
BRDA:11,14,0,2
BRDA:11,14,1,1
BRDA:13,15,0,1
BRDA:13,15,1,1
BRDA:13,16,0,2
BRDA:13,16,1,2
BRDA:13,16,2,2
BRDA:19,17,0,3
BRDA:19,17,1,0
BRDA:19,18,0,3
BRDA:19,18,1,3
BRDA:19,19,0,3
BRDA:19,19,1,0
BRDA:20,20,0,2
BRDA:20,20,1,1
BRDA:24,21,0,2
BRDA:24,21,1,0
BRDA:28,22,0,1
BRDA:28,22,1,0
BRDA:29,23,0,1
BRDA:29,23,1,0
BRF:41
BRH:27
end_of_record
TN:
SF:lib\runtime-ws-utils.js
FN:4,createWsHandlers
FN:7,(anonymous_1)
FN:8,(anonymous_2)
FN:9,(anonymous_3)
FN:10,(anonymous_4)
FN:23,scheduleReconnect
FN:29,(anonymous_6)
FNF:7
FNH:7
FNDA:4,createWsHandlers
FNDA:1,(anonymous_1)
FNDA:1,(anonymous_2)
FNDA:1,(anonymous_3)
FNDA:2,(anonymous_4)
FNDA:4,scheduleReconnect
FNDA:1,(anonymous_6)
DA:2,4
DA:6,4
DA:7,1
DA:8,1
DA:9,1
DA:11,2
DA:13,2
DA:15,2
DA:16,2
DA:17,2
DA:24,4
DA:25,4
DA:26,3
DA:27,3
DA:28,3
DA:29,3
DA:30,1
DA:32,3
DA:35,4
LF:19
LH:19
BRDA:7,0,0,1
BRDA:7,0,1,0
BRDA:7,1,0,1
BRDA:7,1,1,0
BRDA:8,2,0,1
BRDA:8,2,1,0
BRDA:8,3,0,1
BRDA:8,3,1,1
BRDA:9,4,0,1
BRDA:9,4,1,0
BRDA:11,5,0,2
BRDA:11,5,1,0
BRDA:15,6,0,2
BRDA:15,6,1,2
BRDA:24,7,0,4
BRDA:24,7,1,1
BRDA:25,8,0,1
BRDA:25,8,1,3
BRDA:27,9,0,3
BRDA:27,9,1,0
BRDA:27,10,0,3
BRDA:27,10,1,3
BRDA:28,11,0,3
BRDA:28,11,1,1
BRDA:30,12,0,1
BRDA:30,12,1,1
BRF:26
BRH:20
end_of_record
TN:
SF:lib\runtime.js
FN:6,orchestrateRequest
FN:19,(anonymous_1)
FN:36,connectWsRuntime
FN:46,(anonymous_3)
FN:49,(anonymous_4)
FN:50,(anonymous_5)
FN:51,(anonymous_6)
FN:52,(anonymous_7)
FN:61,(anonymous_8)
FN:71,(anonymous_9)
FNF:10
FNH:3
FNDA:12,orchestrateRequest
FNDA:1,(anonymous_1)
FNDA:4,connectWsRuntime
FNDA:0,(anonymous_3)
FNDA:0,(anonymous_4)
FNDA:0,(anonymous_5)
FNDA:0,(anonymous_6)
FNDA:0,(anonymous_7)
FNDA:0,(anonymous_8)
FNDA:0,(anonymous_9)
DA:1,6
DA:2,6
DA:3,6
DA:8,12
DA:9,11
DA:12,11
DA:13,11
DA:15,0
DA:18,11
DA:19,11
DA:20,1
DA:21,1
DA:23,0
DA:27,11
DA:28,11
DA:30,0
DA:31,0
DA:38,4
DA:39,3
DA:42,3
DA:43,3
DA:44,3
DA:46,3
DA:48,0
DA:49,0
DA:50,0
DA:51,0
DA:52,0
DA:56,3
DA:58,0
DA:59,0
DA:60,0
DA:61,0
DA:62,0
DA:64,0
DA:65,0
DA:66,0
DA:67,0
DA:71,3
DA:74,6
LF:40
LH:22
BRDA:8,0,0,1
BRDA:8,0,1,11
BRDA:8,1,0,12
BRDA:8,1,1,11
BRDA:9,2,0,10
BRDA:9,3,0,10
BRDA:9,4,0,10
BRDA:9,5,0,10
BRDA:12,6,0,11
BRDA:12,6,1,0
BRDA:12,7,0,11
BRDA:12,7,1,11
BRDA:19,8,0,10
BRDA:19,8,1,1
BRDA:19,9,0,11
BRDA:19,9,1,11
BRDA:21,10,0,1
BRDA:21,10,1,0
BRDA:21,11,0,1
BRDA:21,11,1,1
BRDA:30,12,0,0
BRDA:30,12,1,0
BRDA:30,13,0,0
BRDA:30,13,1,0
BRDA:31,14,0,0
BRDA:31,14,1,0
BRDA:38,15,0,1
BRDA:38,15,1,3
BRDA:38,16,0,4
BRDA:38,16,1,3
BRDA:38,16,2,3
BRDA:49,17,0,0
BRDA:49,17,1,0
BRDA:50,18,0,0
BRDA:50,18,1,0
BRDA:51,19,0,0
BRDA:51,19,1,0
BRDA:52,20,0,0
BRDA:52,20,1,0
BRDA:56,21,0,3
BRDA:56,21,1,0
BRDA:56,22,0,3
BRDA:56,22,1,3
BRDA:66,23,0,0
BRDA:66,23,1,0
BRDA:67,24,0,0
BRDA:67,24,1,0
BRF:47
BRH:26
end_of_record
